<?xml version="1.0" encoding="UTF-8"?>
<testsuite name="es.codeurjc.em.snake.SnakeTest" time="2.056" tests="2" errors="0" skipped="0" failures="1">
  <properties>
    <property name="java.runtime.name" value="Java(TM) SE Runtime Environment"/>
    <property name="sun.boot.library.path" value="C:\Program Files\Java\jdk1.8.0_121\jre\bin"/>
    <property name="java.vm.version" value="25.121-b13"/>
    <property name="java.vm.vendor" value="Oracle Corporation"/>
    <property name="java.vendor.url" value="http://java.oracle.com/"/>
    <property name="path.separator" value=";"/>
    <property name="guice.disable.misplaced.annotation.check" value="true"/>
    <property name="java.vm.name" value="Java HotSpot(TM) 64-Bit Server VM"/>
    <property name="file.encoding.pkg" value="sun.io"/>
    <property name="user.script" value=""/>
    <property name="user.country" value="ES"/>
    <property name="sun.java.launcher" value="SUN_STANDARD"/>
    <property name="sun.os.patch.level" value=""/>
    <property name="test" value="es.codeurjc.em.snake.SnakeTest"/>
    <property name="java.vm.specification.name" value="Java Virtual Machine Specification"/>
    <property name="user.dir" value="D:\Git\Entornos\Snake"/>
    <property name="java.runtime.version" value="1.8.0_121-b13"/>
    <property name="java.awt.graphicsenv" value="sun.awt.Win32GraphicsEnvironment"/>
    <property name="java.endorsed.dirs" value="C:\Program Files\Java\jdk1.8.0_121\jre\lib\endorsed"/>
    <property name="os.arch" value="amd64"/>
    <property name="java.io.tmpdir" value="C:\Users\Brisin\AppData\Local\Temp\"/>
    <property name="line.separator" value="&#10;"/>
    <property name="java.vm.specification.vendor" value="Oracle Corporation"/>
    <property name="user.variant" value=""/>
    <property name="os.name" value="Windows 10"/>
    <property name="maven.ext.class.path" value="C:\Program Files\NetBeans 8.2\java\maven-nblib\netbeans-eventspy.jar"/>
    <property name="classworlds.conf" value="C:\Program Files\NetBeans 8.2\java\maven\bin\m2.conf"/>
    <property name="sun.jnu.encoding" value="Cp1252"/>
    <property name="java.library.path" value="C:\Program Files\Java\jdk1.8.0_121\bin;C:\WINDOWS\Sun\Java\bin;C:\WINDOWS\system32;C:\WINDOWS;C:\Program Files\NVIDIA GPU Computing Toolkit\CUDA\v8.0\bin;C:\Program Files\NVIDIA GPU Computing Toolkit\CUDA\v8.0\libnvvp;C:\Program Files\NVIDIA GPU Computing Toolkit\CUDA\v7.5\bin;C:\Program Files\NVIDIA GPU Computing Toolkit\CUDA\v7.5\libnvvp;C:\ProgramData\Oracle\Java\javapath;D:\Oracle\app\oracle\product\11.2.0\server\bin;C:\Program Files (x86)\Intel\iCLS Client\;C:\Program Files\Intel\iCLS Client\;C:\Windows\system32;C:\Windows;C:\Windows\System32\Wbem;C:\Windows\System32\WindowsPowerShell\v1.0\;C:\Program Files (x86)\Intel\Intel(R) Management Engine Components\DAL;C:\Program Files\Intel\Intel(R) Management Engine Components\DAL;C:\Program Files (x86)\Intel\Intel(R) Management Engine Components\IPT;C:\Program Files\Intel\Intel(R) Management Engine Components\IPT;C:\Program Files (x86)\NVIDIA Corporation\PhysX\Common;C:\Program Files\Common Files\Autodesk Shared\;C:\Program Files (x86)\Autodesk\Backburner\;C:\Users\Brisin\.dnx\bin;C:\Program Files\Microsoft DNX\Dnvm\;C:\Program Files\Microsoft SQL Server\130\Tools\Binn\;D:\doxygen\bin;C:\Program Files\MATLAB\R2016b\bin;C:\Program Files (x86)\Skype\Phone\;C:\WINDOWS\system32;C:\WINDOWS;C:\WINDOWS\System32\Wbem;C:\WINDOWS\System32\WindowsPowerShell\v1.0\;C:\Program Files\nodejs\;C:\Program Files\Git\cmd;C:\Program Files (x86)\GitExtensions\;C:\Program Files (x86)\GtkSharp\2.12\bin;%SystemRoot%\system32;%SystemRoot%;%SystemRoot%\System32\Wbem;%SYSTEMROOT%\System32\WindowsPowerShell\v1.0\;%SYSTEMROOT%\System32\OpenSSH\;C:\Users\Brisin\AppData\Local\Microsoft\WindowsApps;C:\Users\Brisin\AppData\Roaming\npm;C:\Program Files\Microsoft VS Code\bin;;."/>
    <property name="java.specification.name" value="Java Platform API Specification"/>
    <property name="java.class.version" value="52.0"/>
    <property name="sun.management.compiler" value="HotSpot 64-Bit Tiered Compilers"/>
    <property name="os.version" value="10.0"/>
    <property name="user.home" value="C:\Users\Brisin"/>
    <property name="user.timezone" value="Europe/Paris"/>
    <property name="java.awt.printerjob" value="sun.awt.windows.WPrinterJob"/>
    <property name="java.specification.version" value="1.8"/>
    <property name="file.encoding" value="UTF-8"/>
    <property name="user.name" value="Brisin"/>
    <property name="java.class.path" value="C:\Program Files\NetBeans 8.2\java\maven\boot\plexus-classworlds-2.4.jar"/>
    <property name="java.vm.specification.version" value="1.8"/>
    <property name="sun.arch.data.model" value="64"/>
    <property name="java.home" value="C:\Program Files\Java\jdk1.8.0_121\jre"/>
    <property name="sun.java.command" value="org.codehaus.plexus.classworlds.launcher.Launcher -Dtest=es.codeurjc.em.snake.SnakeTest -Dmaven.ext.class.path=C:\Program Files\NetBeans 8.2\java\maven-nblib\netbeans-eventspy.jar -Dfile.encoding=UTF-8 surefire:test"/>
    <property name="java.specification.vendor" value="Oracle Corporation"/>
    <property name="user.language" value="es"/>
    <property name="awt.toolkit" value="sun.awt.windows.WToolkit"/>
    <property name="java.vm.info" value="mixed mode"/>
    <property name="java.version" value="1.8.0_121"/>
    <property name="java.ext.dirs" value="C:\Program Files\Java\jdk1.8.0_121\jre\lib\ext;C:\WINDOWS\Sun\Java\lib\ext"/>
    <property name="sun.boot.class.path" value="C:\Program Files\Java\jdk1.8.0_121\jre\lib\resources.jar;C:\Program Files\Java\jdk1.8.0_121\jre\lib\rt.jar;C:\Program Files\Java\jdk1.8.0_121\jre\lib\sunrsasign.jar;C:\Program Files\Java\jdk1.8.0_121\jre\lib\jsse.jar;C:\Program Files\Java\jdk1.8.0_121\jre\lib\jce.jar;C:\Program Files\Java\jdk1.8.0_121\jre\lib\charsets.jar;C:\Program Files\Java\jdk1.8.0_121\jre\lib\jfr.jar;C:\Program Files\Java\jdk1.8.0_121\jre\classes"/>
    <property name="java.vendor" value="Oracle Corporation"/>
    <property name="maven.home" value="C:\Program Files\NetBeans 8.2\java\maven"/>
    <property name="file.separator" value="\"/>
    <property name="java.vendor.url.bug" value="http://bugreport.sun.com/bugreport/"/>
    <property name="sun.cpu.endian" value="little"/>
    <property name="sun.io.unicode.encoding" value="UnicodeLittle"/>
    <property name="sun.desktop" value="windows"/>
    <property name="sun.cpu.isalist" value="amd64"/>
  </properties>
  <testcase name="testConnection" classname="es.codeurjc.em.snake.SnakeTest" time="0.038"/>
  <testcase name="testInicioAutom" classname="es.codeurjc.em.snake.SnakeTest" time="2.018">
    <failure message="The fist message should contain &apos;update&apos;, but it is {&quot;type&quot;:&quot;jugadorConecta&quot;,&quot;names&quot;:&quot;[\&quot;0\&quot;,\&quot;1\&quot;,\&quot;2\&quot;,\&quot;3\&quot;]&quot;}" type="java.lang.AssertionError">java.lang.AssertionError: The fist message should contain 'update', but it is {"type":"jugadorConecta","names":"[\"0\",\"1\",\"2\",\"3\"]"}
	at org.junit.Assert.fail(Assert.java:88)
	at org.junit.Assert.assertTrue(Assert.java:41)
	at es.codeurjc.em.snake.SnakeTest.testInicioAutom(SnakeTest.java:112)
</failure>
    <system-out><![CDATA[Connection closed. Session 0
2018-05-27 12:21:26.361 ERROR 7320 --- [nio-9000-exec-4] w.s.h.ExceptionWebSocketHandlerDecorator : Unhandled error for ExceptionWebSocketHandlerDecorator [delegate=LoggingWebSocketHandlerDecorator [delegate=es.codeurjc.em.snake.SnakeHandler@7fe083b1]]

java.lang.NullPointerException: null
	at es.codeurjc.em.snake.SnakeHandler.afterConnectionClosed(SnakeHandler.java:511) ~[classes/:na]
	at org.springframework.web.socket.handler.WebSocketHandlerDecorator.afterConnectionClosed(WebSocketHandlerDecorator.java:85) ~[spring-websocket-4.3.7.RELEASE.jar:4.3.7.RELEASE]
	at org.springframework.web.socket.handler.LoggingWebSocketHandlerDecorator.afterConnectionClosed(LoggingWebSocketHandlerDecorator.java:72) ~[spring-websocket-4.3.7.RELEASE.jar:4.3.7.RELEASE]
	at org.springframework.web.socket.handler.ExceptionWebSocketHandlerDecorator.afterConnectionClosed(ExceptionWebSocketHandlerDecorator.java:78) ~[spring-websocket-4.3.7.RELEASE.jar:4.3.7.RELEASE]
	at org.springframework.web.socket.adapter.standard.StandardWebSocketHandlerAdapter.onClose(StandardWebSocketHandlerAdapter.java:141) [spring-websocket-4.3.7.RELEASE.jar:4.3.7.RELEASE]
	at org.apache.tomcat.websocket.WsSession.fireEndpointOnClose(WsSession.java:549) [tomcat-embed-websocket-8.5.11.jar:8.5.11]
	at org.apache.tomcat.websocket.WsSession.onClose(WsSession.java:527) [tomcat-embed-websocket-8.5.11.jar:8.5.11]
	at org.apache.tomcat.websocket.WsFrameBase.processDataControl(WsFrameBase.java:348) [tomcat-embed-websocket-8.5.11.jar:8.5.11]
	at org.apache.tomcat.websocket.WsFrameBase.processData(WsFrameBase.java:290) [tomcat-embed-websocket-8.5.11.jar:8.5.11]
	at org.apache.tomcat.websocket.WsFrameBase.processInputBuffer(WsFrameBase.java:130) [tomcat-embed-websocket-8.5.11.jar:8.5.11]
	at org.apache.tomcat.websocket.server.WsFrameServer.onDataAvailable(WsFrameServer.java:73) [tomcat-embed-websocket-8.5.11.jar:8.5.11]
	at org.apache.tomcat.websocket.server.WsHttpUpgradeHandler.upgradeDispatch(WsHttpUpgradeHandler.java:148) [tomcat-embed-websocket-8.5.11.jar:8.5.11]
	at org.apache.coyote.http11.upgrade.UpgradeProcessorInternal.dispatch(UpgradeProcessorInternal.java:54) [tomcat-embed-core-8.5.11.jar:8.5.11]
	at org.apache.coyote.AbstractProcessorLight.process(AbstractProcessorLight.java:53) [tomcat-embed-core-8.5.11.jar:8.5.11]
	at org.apache.coyote.AbstractProtocol$ConnectionHandler.process(AbstractProtocol.java:798) [tomcat-embed-core-8.5.11.jar:8.5.11]
	at org.apache.tomcat.util.net.NioEndpoint$SocketProcessor.doRun(NioEndpoint.java:1434) [tomcat-embed-core-8.5.11.jar:8.5.11]
	at org.apache.tomcat.util.net.SocketProcessorBase.run(SocketProcessorBase.java:49) [tomcat-embed-core-8.5.11.jar:8.5.11]
	at java.util.concurrent.ThreadPoolExecutor.runWorker(ThreadPoolExecutor.java:1142) [na:1.8.0_121]
	at java.util.concurrent.ThreadPoolExecutor$Worker.run(ThreadPoolExecutor.java:617) [na:1.8.0_121]
	at org.apache.tomcat.util.threads.TaskThread$WrappingRunnable.run(TaskThread.java:61) [tomcat-embed-core-8.5.11.jar:8.5.11]
	at java.lang.Thread.run(Thread.java:745) [na:1.8.0_121]

crearSerpiente [Ljava.lang.String;@1675ccce
crearSerpiente [Ljava.lang.String;@70a1f2d1
crearSerpiente [Ljava.lang.String;@d745617
Connected
0 Se conecta a la sala con msg: {"funcion": "unirGame", "params": ["prueba"]}
crearSerpiente [Ljava.lang.String;@25909062
1 Se conecta a la sala con msg: {"funcion": "unirGame", "params": ["prueba"]}
2 Se conecta a la sala con msg: {"funcion": "unirGame", "params": ["prueba"]}
3 Se conecta a la sala con msg: {"funcion": "unirGame", "params": ["prueba"]}
unirGame [Ljava.lang.String;@6256ec5f
unirGame [Ljava.lang.String;@46e95b80
unirGame [Ljava.lang.String;@1db10dec
unirGame [Ljava.lang.String;@43b7324e
2018-05-27 12:21:26.371 ERROR 7320 --- [pool-1-thread-5] es.codeurjc.em.snake.SnakeHandler        : null

java.lang.NullPointerException: null
	at es.codeurjc.em.snake.SnakeHandler$5.ExecuteAction(SnakeHandler.java:239) ~[classes/:na]
	at es.codeurjc.em.snake.SnakeHandler.lambda$handleTextMessage$0(SnakeHandler.java:491) [classes/:na]
	at java.util.concurrent.ThreadPoolExecutor.runWorker(ThreadPoolExecutor.java:1142) ~[na:1.8.0_121]
	at java.util.concurrent.ThreadPoolExecutor$Worker.run(ThreadPoolExecutor.java:617) ~[na:1.8.0_121]
	at java.lang.Thread.run(Thread.java:745) ~[na:1.8.0_121]

2018-05-27 12:21:26.372 ERROR 7320 --- [pool-1-thread-8] es.codeurjc.em.snake.SnakeHandler        : null

java.lang.NullPointerException: null
	at es.codeurjc.em.snake.SnakeHandler$5.ExecuteAction(SnakeHandler.java:239) ~[classes/:na]
	at es.codeurjc.em.snake.SnakeHandler.lambda$handleTextMessage$0(SnakeHandler.java:491) [classes/:na]
	at java.util.concurrent.ThreadPoolExecutor.runWorker(ThreadPoolExecutor.java:1142) ~[na:1.8.0_121]
	at java.util.concurrent.ThreadPoolExecutor$Worker.run(ThreadPoolExecutor.java:617) ~[na:1.8.0_121]
	at java.lang.Thread.run(Thread.java:745) ~[na:1.8.0_121]

2018-05-27 12:21:26.372 ERROR 7320 --- [pool-1-thread-6] es.codeurjc.em.snake.SnakeHandler        : null

java.lang.NullPointerException: null
	at es.codeurjc.em.snake.SnakeHandler$5.ExecuteAction(SnakeHandler.java:239) ~[classes/:na]
	at es.codeurjc.em.snake.SnakeHandler.lambda$handleTextMessage$0(SnakeHandler.java:491) [classes/:na]
	at java.util.concurrent.ThreadPoolExecutor.runWorker(ThreadPoolExecutor.java:1142) ~[na:1.8.0_121]
	at java.util.concurrent.ThreadPoolExecutor$Worker.run(ThreadPoolExecutor.java:617) ~[na:1.8.0_121]
	at java.lang.Thread.run(Thread.java:745) ~[na:1.8.0_121]

2018-05-27 12:21:26.373 ERROR 7320 --- [pool-1-thread-7] es.codeurjc.em.snake.SnakeHandler        : null

java.lang.NullPointerException: null
	at es.codeurjc.em.snake.SnakeHandler$5.ExecuteAction(SnakeHandler.java:239) ~[classes/:na]
	at es.codeurjc.em.snake.SnakeHandler.lambda$handleTextMessage$0(SnakeHandler.java:491) [classes/:na]
	at java.util.concurrent.ThreadPoolExecutor.runWorker(ThreadPoolExecutor.java:1142) ~[na:1.8.0_121]
	at java.util.concurrent.ThreadPoolExecutor$Worker.run(ThreadPoolExecutor.java:617) ~[na:1.8.0_121]
	at java.lang.Thread.run(Thread.java:745) ~[na:1.8.0_121]

TestMessage: {"type":"jugadorConecta","names":"[\"0\",\"1\",\"2\",\"3\"]"}
TestMessage: {"type":"jugadorConecta","names":"[\"0\",\"1\",\"2\",\"3\"]"}
TestMessage: {"type":"jugadorConecta","names":"[\"0\",\"1\",\"2\",\"3\"]"}
TestMessage: {"type":"jugadorConecta","names":"[\"0\",\"1\",\"2\",\"3\"]"}
TestMessage: {"type":"jugadorConecta","names":"[\"0\",\"1\",\"2\",\"3\"]"}
TestMessage: {"type":"jugadorConecta","names":"[\"0\",\"1\",\"2\",\"3\"]"}
TestMessage: {"type":"jugadorConecta","names":"[\"0\",\"1\",\"2\",\"3\"]"}
TestMessage: {"type":"jugadorConecta","names":"[\"0\",\"1\",\"2\",\"3\"]"}
TestMessage: {"type":"jugadorConecta","names":"[\"0\",\"1\",\"2\",\"3\"]"}
TestMessage: {"type":"jugadorConecta","names":"[\"0\",\"1\",\"2\",\"3\"]"}
TestMessage: {"type":"jugadorConecta","names":"[\"0\",\"1\",\"2\",\"3\"]"}
TestMessage: {"type":"jugadorConecta","names":"[\"0\",\"1\",\"2\",\"3\"]"}
TestMessage: {"type":"jugadorConecta","names":"[\"0\",\"1\",\"2\",\"3\"]"}
TestMessage: {"type":"jugadorConecta","names":"[\"0\",\"1\",\"2\",\"3\"]"}
TestMessage: {"type":"jugadorConecta","names":"[\"0\",\"1\",\"2\",\"3\"]"}
TestMessage: {"type":"jugadorConecta","names":"[\"0\",\"1\",\"2\",\"3\"]"}
]]></system-out>
  </testcase>
</testsuite>