<?xml version="1.0" encoding="UTF-8"?>
<testsuite name="es.codeurjc.em.snake.SnakeTest" time="7.158" tests="2" errors="0" skipped="0" failures="1">
  <properties>
    <property name="java.runtime.name" value="Java(TM) SE Runtime Environment"/>
    <property name="sun.boot.library.path" value="C:\Program Files\Java\jdk1.8.0_151\jre\bin"/>
    <property name="java.vm.version" value="25.151-b12"/>
    <property name="java.vm.vendor" value="Oracle Corporation"/>
    <property name="java.vendor.url" value="http://java.oracle.com/"/>
    <property name="path.separator" value=";"/>
    <property name="guice.disable.misplaced.annotation.check" value="true"/>
    <property name="java.vm.name" value="Java HotSpot(TM) 64-Bit Server VM"/>
    <property name="file.encoding.pkg" value="sun.io"/>
    <property name="user.script" value=""/>
    <property name="user.country" value="ES"/>
    <property name="sun.java.launcher" value="SUN_STANDARD"/>
    <property name="sun.os.patch.level" value=""/>
    <property name="test" value="es.codeurjc.em.snake.SnakeTest"/>
    <property name="java.vm.specification.name" value="Java Virtual Machine Specification"/>
    <property name="user.dir" value="D:\Laura\Universidad\Curso 3ยบ\Entornos multijugador\Snake"/>
    <property name="java.runtime.version" value="1.8.0_151-b12"/>
    <property name="java.awt.graphicsenv" value="sun.awt.Win32GraphicsEnvironment"/>
    <property name="java.endorsed.dirs" value="C:\Program Files\Java\jdk1.8.0_151\jre\lib\endorsed"/>
    <property name="os.arch" value="amd64"/>
    <property name="java.io.tmpdir" value="C:\Users\Laura\AppData\Local\Temp\"/>
    <property name="line.separator" value="&#10;"/>
    <property name="java.vm.specification.vendor" value="Oracle Corporation"/>
    <property name="user.variant" value=""/>
    <property name="os.name" value="Windows 10"/>
    <property name="maven.ext.class.path" value="D:\NetBeans\NetBeans 8.2\java\maven-nblib\netbeans-eventspy.jar"/>
    <property name="classworlds.conf" value="D:\NetBeans\NetBeans 8.2\java\maven\bin\m2.conf"/>
    <property name="sun.jnu.encoding" value="Cp1252"/>
    <property name="java.library.path" value="C:\Program Files\Java\jdk1.8.0_151\bin;C:\WINDOWS\Sun\Java\bin;C:\WINDOWS\system32;C:\WINDOWS;C:\Program Files\Java\jdk1.8.0_151\bin;C:\ProgramData\Oracle\Java\javapath;C:\WINDOWS\system32;C:\WINDOWS;C:\WINDOWS\System32\Wbem;C:\WINDOWS\System32\WindowsPowerShell\v1.0\;D:\Tortoise\bin;C:\Program Files\Microsoft SQL Server\130\Tools\Binn\;D:\Git\cmd;D:\Matlab\Compile\v84\runtime\win64;C:\Program Files (x86)\GtkSharp\2.12\bin;C:\Program Files\dotnet\;C:\Program Files\Common Files\Autodesk Shared\;C:\Program Files (x86)\Autodesk\Backburner\;D:\Tortoise Git\bin;C:\Users\Laura\AppData\Local\Microsoft\WindowsApps;;D:\Microsoft VS Code\bin;."/>
    <property name="java.specification.name" value="Java Platform API Specification"/>
    <property name="java.class.version" value="52.0"/>
    <property name="sun.management.compiler" value="HotSpot 64-Bit Tiered Compilers"/>
    <property name="os.version" value="10.0"/>
    <property name="user.home" value="C:\Users\Laura"/>
    <property name="user.timezone" value="Europe/Paris"/>
    <property name="java.awt.printerjob" value="sun.awt.windows.WPrinterJob"/>
    <property name="java.specification.version" value="1.8"/>
    <property name="file.encoding" value="UTF-8"/>
    <property name="user.name" value="Laura"/>
    <property name="java.class.path" value="D:\NetBeans\NetBeans 8.2\java\maven\boot\plexus-classworlds-2.4.jar"/>
    <property name="java.vm.specification.version" value="1.8"/>
    <property name="sun.arch.data.model" value="64"/>
    <property name="java.home" value="C:\Program Files\Java\jdk1.8.0_151\jre"/>
    <property name="sun.java.command" value="org.codehaus.plexus.classworlds.launcher.Launcher -Dtest=es.codeurjc.em.snake.SnakeTest -Dmaven.ext.class.path=D:\NetBeans\NetBeans 8.2\java\maven-nblib\netbeans-eventspy.jar -Dfile.encoding=UTF-8 surefire:test"/>
    <property name="java.specification.vendor" value="Oracle Corporation"/>
    <property name="user.language" value="es"/>
    <property name="awt.toolkit" value="sun.awt.windows.WToolkit"/>
    <property name="java.vm.info" value="mixed mode"/>
    <property name="java.version" value="1.8.0_151"/>
    <property name="java.ext.dirs" value="C:\Program Files\Java\jdk1.8.0_151\jre\lib\ext;C:\WINDOWS\Sun\Java\lib\ext"/>
    <property name="sun.boot.class.path" value="C:\Program Files\Java\jdk1.8.0_151\jre\lib\resources.jar;C:\Program Files\Java\jdk1.8.0_151\jre\lib\rt.jar;C:\Program Files\Java\jdk1.8.0_151\jre\lib\sunrsasign.jar;C:\Program Files\Java\jdk1.8.0_151\jre\lib\jsse.jar;C:\Program Files\Java\jdk1.8.0_151\jre\lib\jce.jar;C:\Program Files\Java\jdk1.8.0_151\jre\lib\charsets.jar;C:\Program Files\Java\jdk1.8.0_151\jre\lib\jfr.jar;C:\Program Files\Java\jdk1.8.0_151\jre\classes"/>
    <property name="java.vendor" value="Oracle Corporation"/>
    <property name="maven.home" value="D:\NetBeans\NetBeans 8.2\java\maven"/>
    <property name="file.separator" value="\"/>
    <property name="java.vendor.url.bug" value="http://bugreport.sun.com/bugreport/"/>
    <property name="sun.cpu.endian" value="little"/>
    <property name="sun.io.unicode.encoding" value="UnicodeLittle"/>
    <property name="sun.desktop" value="windows"/>
    <property name="sun.cpu.isalist" value="amd64"/>
  </properties>
  <testcase name="testConnection" classname="es.codeurjc.em.snake.SnakeTest" time="0.137"/>
  <testcase name="testFinJuego" classname="es.codeurjc.em.snake.SnakeTest" time="7.021">
    <failure message="The fist message should contain &apos;finJuego&apos;, but it is {&quot;type&quot;:&quot;jugadorConecta&quot;,&quot;names&quot;:&quot;[\&quot;0\&quot;,\&quot;1\&quot;]&quot;}" type="java.lang.AssertionError">java.lang.AssertionError: The fist message should contain 'finJuego', but it is {"type":"jugadorConecta","names":"[\"0\",\"1\"]"}
	at org.junit.Assert.fail(Assert.java:88)
	at org.junit.Assert.assertTrue(Assert.java:41)
	at es.codeurjc.em.snake.SnakeTest.testFinJuego(SnakeTest.java:231)
</failure>
    <system-out><![CDATA[Connection closed. Session 1
crearSerpiente [Ljava.lang.String;@413ddb2d
crearSerpiente [Ljava.lang.String;@762adcbc
unirGame [Ljava.lang.String;@6ee60354
unirGame [Ljava.lang.String;@688c808e
comenzarPartida [Ljava.lang.String;@6956bf26
2018-05-27 14:09:00.908 ERROR 10504 --- [pool-1-thread-3] es.codeurjc.em.snake.SnakeHandler        : null

java.lang.NullPointerException: null
	at es.codeurjc.em.snake.SnakeHandler$5.ExecuteAction(SnakeHandler.java:239) ~[classes/:na]
	at es.codeurjc.em.snake.SnakeHandler.lambda$handleTextMessage$0(SnakeHandler.java:494) [classes/:na]
	at java.util.concurrent.ThreadPoolExecutor.runWorker(ThreadPoolExecutor.java:1149) ~[na:1.8.0_151]
	at java.util.concurrent.ThreadPoolExecutor$Worker.run(ThreadPoolExecutor.java:624) ~[na:1.8.0_151]
	at java.lang.Thread.run(Thread.java:748) ~[na:1.8.0_151]

//////////////////////////////////////LA SALA ES: prueba3
Sending message {"players":"[\"0\"]","sala":"prueba3","type":"sala"} to 0
Message test: {"type":"jugadorConecta","names":"[\"0\",\"1\"]"}
Message test: {"players":"[\"0\"]","sala":"prueba3","type":"sala"}
Sending message {"type": "join","data":[{"id": 0, "color": "#c5cce6","name":"0","puntos": 0}]} to 0
Message test: {"type":"jugar"}
Message test: {"type": "join","data":[{"id": 0, "color": "#c5cce6","name":"0","puntos": 0}]}
Message test: {"type":"jugadorConecta","names":"[\"0\",\"1\"]"}
Sending message {"type":"update","data":[{"id":0,"body":[{"x": 490, "y": 40}]}],"food":[420,390,"#dfa5e6"]} to 0
Message test: {"type":"update","data":[{"id":0,"body":[{"x": 490, "y": 40}]}],"food":[420,390,"#dfa5e6"]}
Sending message {"type":"update","data":[{"id":0,"body":[{"x": 490, "y": 40}]}],"food":[420,390,"#dfa5e6"]} to 0
Message test: {"type":"update","data":[{"id":0,"body":[{"x": 490, "y": 40}]}],"food":[420,390,"#dfa5e6"]}
Sending message {"type":"update","data":[{"id":0,"body":[{"x": 490, "y": 40}]}],"food":[420,390,"#dfa5e6"]} to 0
Message test: {"type":"update","data":[{"id":0,"body":[{"x": 490, "y": 40}]}],"food":[420,390,"#dfa5e6"]}
Sending message {"type":"update","data":[{"id":0,"body":[{"x": 490, "y": 40}]}],"food":[420,390,"#dfa5e6"]} to 0
Message test: {"type":"update","data":[{"id":0,"body":[{"x": 490, "y": 40}]}],"food":[420,390,"#dfa5e6"]}
Sending message {"type":"update","data":[{"id":0,"body":[{"x": 490, "y": 40}]}],"food":[420,390,"#dfa5e6"]} to 0
Message test: {"type":"update","data":[{"id":0,"body":[{"x": 490, "y": 40}]}],"food":[420,390,"#dfa5e6"]}
Sending message {"type":"update","data":[{"id":0,"body":[{"x": 490, "y": 40}]}],"food":[420,390,"#dfa5e6"]} to 0
Message test: {"type":"update","data":[{"id":0,"body":[{"x": 490, "y": 40}]}],"food":[420,390,"#dfa5e6"]}
Sending message {"type":"update","data":[{"id":0,"body":[{"x": 490, "y": 40}]}],"food":[420,390,"#dfa5e6"]} to 0
Message test: {"type":"update","data":[{"id":0,"body":[{"x": 490, "y": 40}]}],"food":[420,390,"#dfa5e6"]}
Sending message {"type":"update","data":[{"id":0,"body":[{"x": 490, "y": 40}]}],"food":[420,390,"#dfa5e6"]} to 0
Message test: {"type":"update","data":[{"id":0,"body":[{"x": 490, "y": 40}]}],"food":[420,390,"#dfa5e6"]}
Sending message {"type":"update","data":[{"id":0,"body":[{"x": 490, "y": 40}]}],"food":[420,390,"#dfa5e6"]} to 0
Message test: {"type":"update","data":[{"id":0,"body":[{"x": 490, "y": 40}]}],"food":[420,390,"#dfa5e6"]}
Sending message {"type":"update","data":[{"id":0,"body":[{"x": 490, "y": 40}]}],"food":[420,390,"#dfa5e6"]} to 0
Message test: {"type":"update","data":[{"id":0,"body":[{"x": 490, "y": 40}]}],"food":[420,390,"#dfa5e6"]}
Sending message {"type":"update","data":[{"id":0,"body":[{"x": 490, "y": 40}]}],"food":[420,390,"#dfa5e6"]} to 0
Message test: {"type":"update","data":[{"id":0,"body":[{"x": 490, "y": 40}]}],"food":[420,390,"#dfa5e6"]}
Sending message {"type":"update","data":[{"id":0,"body":[{"x": 490, "y": 40}]}],"food":[420,390,"#dfa5e6"]} to 0
Message test: {"type":"update","data":[{"id":0,"body":[{"x": 490, "y": 40}]}],"food":[420,390,"#dfa5e6"]}
Sending message {"type":"update","data":[{"id":0,"body":[{"x": 490, "y": 40}]}],"food":[420,390,"#dfa5e6"]} to 0
Message test: {"type":"update","data":[{"id":0,"body":[{"x": 490, "y": 40}]}],"food":[420,390,"#dfa5e6"]}
Sending message {"type":"update","data":[{"id":0,"body":[{"x": 490, "y": 40}]}],"food":[420,390,"#dfa5e6"]} to 0
Message test: {"type":"update","data":[{"id":0,"body":[{"x": 490, "y": 40}]}],"food":[420,390,"#dfa5e6"]}
Sending message {"type":"update","data":[{"id":0,"body":[{"x": 490, "y": 40}]}],"food":[420,390,"#dfa5e6"]} to 0
Message test: {"type":"update","data":[{"id":0,"body":[{"x": 490, "y": 40}]}],"food":[420,390,"#dfa5e6"]}
Sending message {"type":"update","data":[{"id":0,"body":[{"x": 490, "y": 40}]}],"food":[420,390,"#dfa5e6"]} to 0
Message test: {"type":"update","data":[{"id":0,"body":[{"x": 490, "y": 40}]}],"food":[420,390,"#dfa5e6"]}
Sending message {"type":"update","data":[{"id":0,"body":[{"x": 490, "y": 40}]}],"food":[420,390,"#dfa5e6"]} to 0
Message test: {"type":"update","data":[{"id":0,"body":[{"x": 490, "y": 40}]}],"food":[420,390,"#dfa5e6"]}
Sending message {"type":"update","data":[{"id":0,"body":[{"x": 490, "y": 40}]}],"food":[420,390,"#dfa5e6"]} to 0
Message test: {"type":"update","data":[{"id":0,"body":[{"x": 490, "y": 40}]}],"food":[420,390,"#dfa5e6"]}
Sending message {"type":"update","data":[{"id":0,"body":[{"x": 490, "y": 40}]}],"food":[420,390,"#dfa5e6"]} to 0
Message test: {"type":"update","data":[{"id":0,"body":[{"x": 490, "y": 40}]}],"food":[420,390,"#dfa5e6"]}
Sending message {"type":"update","data":[{"id":0,"body":[{"x": 490, "y": 40}]}],"food":[420,390,"#dfa5e6"]} to 0
Message test: {"type":"update","data":[{"id":0,"body":[{"x": 490, "y": 40}]}],"food":[420,390,"#dfa5e6"]}
Sending message {"type":"update","data":[{"id":0,"body":[{"x": 490, "y": 40}]}],"food":[420,390,"#dfa5e6"]} to 0
Message test: {"type":"update","data":[{"id":0,"body":[{"x": 490, "y": 40}]}],"food":[420,390,"#dfa5e6"]}
Sending message {"type":"update","data":[{"id":0,"body":[{"x": 490, "y": 40}]}],"food":[420,390,"#dfa5e6"]} to 0
Message test: {"type":"update","data":[{"id":0,"body":[{"x": 490, "y": 40}]}],"food":[420,390,"#dfa5e6"]}
Sending message {"type":"update","data":[{"id":0,"body":[{"x": 490, "y": 40}]}],"food":[420,390,"#dfa5e6"]} to 0
Message test: {"type":"update","data":[{"id":0,"body":[{"x": 490, "y": 40}]}],"food":[420,390,"#dfa5e6"]}
Sending message {"type":"update","data":[{"id":0,"body":[{"x": 490, "y": 40}]}],"food":[420,390,"#dfa5e6"]} to 0
Message test: {"type":"update","data":[{"id":0,"body":[{"x": 490, "y": 40}]}],"food":[420,390,"#dfa5e6"]}
Sending message {"type":"update","data":[{"id":0,"body":[{"x": 490, "y": 40}]}],"food":[420,390,"#dfa5e6"]} to 0
Message test: {"type":"update","data":[{"id":0,"body":[{"x": 490, "y": 40}]}],"food":[420,390,"#dfa5e6"]}
Sending message {"type":"update","data":[{"id":0,"body":[{"x": 490, "y": 40}]}],"food":[420,390,"#dfa5e6"]} to 0
Message test: {"type":"update","data":[{"id":0,"body":[{"x": 490, "y": 40}]}],"food":[420,390,"#dfa5e6"]}
Sending message {"type":"update","data":[{"id":0,"body":[{"x": 490, "y": 40}]}],"food":[420,390,"#dfa5e6"]} to 0
Message test: {"type":"update","data":[{"id":0,"body":[{"x": 490, "y": 40}]}],"food":[420,390,"#dfa5e6"]}
Sending message {"type":"update","data":[{"id":0,"body":[{"x": 490, "y": 40}]}],"food":[420,390,"#dfa5e6"]} to 0
Message test: {"type":"update","data":[{"id":0,"body":[{"x": 490, "y": 40}]}],"food":[420,390,"#dfa5e6"]}
Sending message {"type":"update","data":[{"id":0,"body":[{"x": 490, "y": 40}]}],"food":[420,390,"#dfa5e6"]} to 0
Message test: {"type":"update","data":[{"id":0,"body":[{"x": 490, "y": 40}]}],"food":[420,390,"#dfa5e6"]}
Sending message {"type":"update","data":[{"id":0,"body":[{"x": 490, "y": 40}]}],"food":[420,390,"#dfa5e6"]} to 0
Message test: {"type":"update","data":[{"id":0,"body":[{"x": 490, "y": 40}]}],"food":[420,390,"#dfa5e6"]}
Sending message {"type":"update","data":[{"id":0,"body":[{"x": 490, "y": 40}]}],"food":[420,390,"#dfa5e6"]} to 0
Message test: {"type":"update","data":[{"id":0,"body":[{"x": 490, "y": 40}]}],"food":[420,390,"#dfa5e6"]}
Sending message {"type":"update","data":[{"id":0,"body":[{"x": 490, "y": 40}]}],"food":[420,390,"#dfa5e6"]} to 0
Message test: {"type":"update","data":[{"id":0,"body":[{"x": 490, "y": 40}]}],"food":[420,390,"#dfa5e6"]}
Sending message {"type":"update","data":[{"id":0,"body":[{"x": 490, "y": 40}]}],"food":[420,390,"#dfa5e6"]} to 0
Message test: {"type":"update","data":[{"id":0,"body":[{"x": 490, "y": 40}]}],"food":[420,390,"#dfa5e6"]}
Sending message {"type":"update","data":[{"id":0,"body":[{"x": 490, "y": 40}]}],"food":[420,390,"#dfa5e6"]} to 0
Message test: {"type":"update","data":[{"id":0,"body":[{"x": 490, "y": 40}]}],"food":[420,390,"#dfa5e6"]}
Sending message {"type":"update","data":[{"id":0,"body":[{"x": 490, "y": 40}]}],"food":[420,390,"#dfa5e6"]} to 0
Message test: {"type":"update","data":[{"id":0,"body":[{"x": 490, "y": 40}]}],"food":[420,390,"#dfa5e6"]}
Sending message {"type":"update","data":[{"id":0,"body":[{"x": 490, "y": 40}]}],"food":[420,390,"#dfa5e6"]} to 0
Message test: {"type":"update","data":[{"id":0,"body":[{"x": 490, "y": 40}]}],"food":[420,390,"#dfa5e6"]}
Sending message {"type":"update","data":[{"id":0,"body":[{"x": 490, "y": 40}]}],"food":[420,390,"#dfa5e6"]} to 0
Message test: {"type":"update","data":[{"id":0,"body":[{"x": 490, "y": 40}]}],"food":[420,390,"#dfa5e6"]}
Sending message {"type":"update","data":[{"id":0,"body":[{"x": 490, "y": 40}]}],"food":[420,390,"#dfa5e6"]} to 0
Message test: {"type":"update","data":[{"id":0,"body":[{"x": 490, "y": 40}]}],"food":[420,390,"#dfa5e6"]}
Sending message {"type":"update","data":[{"id":0,"body":[{"x": 490, "y": 40}]}],"food":[420,390,"#dfa5e6"]} to 0
Message test: {"type":"update","data":[{"id":0,"body":[{"x": 490, "y": 40}]}],"food":[420,390,"#dfa5e6"]}
Sending message {"type":"update","data":[{"id":0,"body":[{"x": 490, "y": 40}]}],"food":[420,390,"#dfa5e6"]} to 0
Message test: {"type":"update","data":[{"id":0,"body":[{"x": 490, "y": 40}]}],"food":[420,390,"#dfa5e6"]}
Sending message {"type":"update","data":[{"id":0,"body":[{"x": 490, "y": 40}]}],"food":[420,390,"#dfa5e6"]} to 0
Message test: {"type":"update","data":[{"id":0,"body":[{"x": 490, "y": 40}]}],"food":[420,390,"#dfa5e6"]}
Sending message {"type":"update","data":[{"id":0,"body":[{"x": 490, "y": 40}]}],"food":[420,390,"#dfa5e6"]} to 0
Message test: {"type":"update","data":[{"id":0,"body":[{"x": 490, "y": 40}]}],"food":[420,390,"#dfa5e6"]}
Sending message {"type":"update","data":[{"id":0,"body":[{"x": 490, "y": 40}]}],"food":[420,390,"#dfa5e6"]} to 0
Message test: {"type":"update","data":[{"id":0,"body":[{"x": 490, "y": 40}]}],"food":[420,390,"#dfa5e6"]}
Sending message {"type":"update","data":[{"id":0,"body":[{"x": 490, "y": 40}]}],"food":[420,390,"#dfa5e6"]} to 0
Message test: {"type":"update","data":[{"id":0,"body":[{"x": 490, "y": 40}]}],"food":[420,390,"#dfa5e6"]}
Sending message {"type":"update","data":[{"id":0,"body":[{"x": 490, "y": 40}]}],"food":[420,390,"#dfa5e6"]} to 0
Message test: {"type":"update","data":[{"id":0,"body":[{"x": 490, "y": 40}]}],"food":[420,390,"#dfa5e6"]}
Sending message {"type":"update","data":[{"id":0,"body":[{"x": 490, "y": 40}]}],"food":[420,390,"#dfa5e6"]} to 0
Message test: {"type":"update","data":[{"id":0,"body":[{"x": 490, "y": 40}]}],"food":[420,390,"#dfa5e6"]}
Sending message {"type":"update","data":[{"id":0,"body":[{"x": 490, "y": 40}]}],"food":[420,390,"#dfa5e6"]} to 0
Message test: {"type":"update","data":[{"id":0,"body":[{"x": 490, "y": 40}]}],"food":[420,390,"#dfa5e6"]}
Sending message {"type":"update","data":[{"id":0,"body":[{"x": 490, "y": 40}]}],"food":[420,390,"#dfa5e6"]} to 0
Message test: {"type":"update","data":[{"id":0,"body":[{"x": 490, "y": 40}]}],"food":[420,390,"#dfa5e6"]}
Sending message {"type":"update","data":[{"id":0,"body":[{"x": 490, "y": 40}]}],"food":[420,390,"#dfa5e6"]} to 0
Message test: {"type":"update","data":[{"id":0,"body":[{"x": 490, "y": 40}]}],"food":[420,390,"#dfa5e6"]}
salirSala [Ljava.lang.String;@3980b103
]]></system-out>
  </testcase>
</testsuite>