<?xml version="1.0" encoding="UTF-8"?>
<testsuite name="es.codeurjc.em.snake.SnakeTest" time="9.09" tests="1" errors="0" skipped="0" failures="1">
  <properties>
    <property name="java.runtime.name" value="Java(TM) SE Runtime Environment"/>
    <property name="sun.boot.library.path" value="C:\Program Files\Java\jdk1.8.0_121\jre\bin"/>
    <property name="java.vm.version" value="25.121-b13"/>
    <property name="java.vm.vendor" value="Oracle Corporation"/>
    <property name="java.vendor.url" value="http://java.oracle.com/"/>
    <property name="path.separator" value=";"/>
    <property name="guice.disable.misplaced.annotation.check" value="true"/>
    <property name="java.vm.name" value="Java HotSpot(TM) 64-Bit Server VM"/>
    <property name="file.encoding.pkg" value="sun.io"/>
    <property name="user.script" value=""/>
    <property name="user.country" value="ES"/>
    <property name="sun.java.launcher" value="SUN_STANDARD"/>
    <property name="sun.os.patch.level" value=""/>
    <property name="test" value="es.codeurjc.em.snake.SnakeTest"/>
    <property name="java.vm.specification.name" value="Java Virtual Machine Specification"/>
    <property name="user.dir" value="D:\Git\Entornos\Snake"/>
    <property name="java.runtime.version" value="1.8.0_121-b13"/>
    <property name="java.awt.graphicsenv" value="sun.awt.Win32GraphicsEnvironment"/>
    <property name="java.endorsed.dirs" value="C:\Program Files\Java\jdk1.8.0_121\jre\lib\endorsed"/>
    <property name="os.arch" value="amd64"/>
    <property name="java.io.tmpdir" value="C:\Users\Brisin\AppData\Local\Temp\"/>
    <property name="line.separator" value="&#10;"/>
    <property name="java.vm.specification.vendor" value="Oracle Corporation"/>
    <property name="user.variant" value=""/>
    <property name="os.name" value="Windows 10"/>
    <property name="maven.ext.class.path" value="C:\Program Files\NetBeans 8.2\java\maven-nblib\netbeans-eventspy.jar"/>
    <property name="classworlds.conf" value="C:\Program Files\NetBeans 8.2\java\maven\bin\m2.conf"/>
    <property name="sun.jnu.encoding" value="Cp1252"/>
    <property name="java.library.path" value="C:\Program Files\Java\jdk1.8.0_121\bin;C:\WINDOWS\Sun\Java\bin;C:\WINDOWS\system32;C:\WINDOWS;C:\Program Files\NVIDIA GPU Computing Toolkit\CUDA\v8.0\bin;C:\Program Files\NVIDIA GPU Computing Toolkit\CUDA\v8.0\libnvvp;C:\Program Files\NVIDIA GPU Computing Toolkit\CUDA\v7.5\bin;C:\Program Files\NVIDIA GPU Computing Toolkit\CUDA\v7.5\libnvvp;C:\ProgramData\Oracle\Java\javapath;D:\Oracle\app\oracle\product\11.2.0\server\bin;C:\Program Files (x86)\Intel\iCLS Client\;C:\Program Files\Intel\iCLS Client\;C:\Windows\system32;C:\Windows;C:\Windows\System32\Wbem;C:\Windows\System32\WindowsPowerShell\v1.0\;C:\Program Files (x86)\Intel\Intel(R) Management Engine Components\DAL;C:\Program Files\Intel\Intel(R) Management Engine Components\DAL;C:\Program Files (x86)\Intel\Intel(R) Management Engine Components\IPT;C:\Program Files\Intel\Intel(R) Management Engine Components\IPT;C:\Program Files (x86)\NVIDIA Corporation\PhysX\Common;C:\Program Files\Common Files\Autodesk Shared\;C:\Program Files (x86)\Autodesk\Backburner\;C:\Users\Brisin\.dnx\bin;C:\Program Files\Microsoft DNX\Dnvm\;C:\Program Files\Microsoft SQL Server\130\Tools\Binn\;D:\doxygen\bin;C:\Program Files\MATLAB\R2016b\bin;C:\Program Files (x86)\Skype\Phone\;C:\WINDOWS\system32;C:\WINDOWS;C:\WINDOWS\System32\Wbem;C:\WINDOWS\System32\WindowsPowerShell\v1.0\;C:\Program Files\nodejs\;C:\Program Files\Git\cmd;C:\Program Files (x86)\GitExtensions\;C:\Program Files (x86)\GtkSharp\2.12\bin;%SystemRoot%\system32;%SystemRoot%;%SystemRoot%\System32\Wbem;%SYSTEMROOT%\System32\WindowsPowerShell\v1.0\;%SYSTEMROOT%\System32\OpenSSH\;C:\Users\Brisin\AppData\Local\Microsoft\WindowsApps;C:\Users\Brisin\AppData\Roaming\npm;C:\Program Files\Microsoft VS Code\bin;;."/>
    <property name="java.specification.name" value="Java Platform API Specification"/>
    <property name="java.class.version" value="52.0"/>
    <property name="sun.management.compiler" value="HotSpot 64-Bit Tiered Compilers"/>
    <property name="os.version" value="10.0"/>
    <property name="user.home" value="C:\Users\Brisin"/>
    <property name="user.timezone" value="Europe/Paris"/>
    <property name="java.awt.printerjob" value="sun.awt.windows.WPrinterJob"/>
    <property name="java.specification.version" value="1.8"/>
    <property name="file.encoding" value="UTF-8"/>
    <property name="user.name" value="Brisin"/>
    <property name="java.class.path" value="C:\Program Files\NetBeans 8.2\java\maven\boot\plexus-classworlds-2.4.jar"/>
    <property name="java.vm.specification.version" value="1.8"/>
    <property name="sun.arch.data.model" value="64"/>
    <property name="java.home" value="C:\Program Files\Java\jdk1.8.0_121\jre"/>
    <property name="sun.java.command" value="org.codehaus.plexus.classworlds.launcher.Launcher -Dtest=es.codeurjc.em.snake.SnakeTest -Dmaven.ext.class.path=C:\Program Files\NetBeans 8.2\java\maven-nblib\netbeans-eventspy.jar -Dfile.encoding=UTF-8 surefire:test"/>
    <property name="java.specification.vendor" value="Oracle Corporation"/>
    <property name="user.language" value="es"/>
    <property name="awt.toolkit" value="sun.awt.windows.WToolkit"/>
    <property name="java.vm.info" value="mixed mode"/>
    <property name="java.version" value="1.8.0_121"/>
    <property name="java.ext.dirs" value="C:\Program Files\Java\jdk1.8.0_121\jre\lib\ext;C:\WINDOWS\Sun\Java\lib\ext"/>
    <property name="sun.boot.class.path" value="C:\Program Files\Java\jdk1.8.0_121\jre\lib\resources.jar;C:\Program Files\Java\jdk1.8.0_121\jre\lib\rt.jar;C:\Program Files\Java\jdk1.8.0_121\jre\lib\sunrsasign.jar;C:\Program Files\Java\jdk1.8.0_121\jre\lib\jsse.jar;C:\Program Files\Java\jdk1.8.0_121\jre\lib\jce.jar;C:\Program Files\Java\jdk1.8.0_121\jre\lib\charsets.jar;C:\Program Files\Java\jdk1.8.0_121\jre\lib\jfr.jar;C:\Program Files\Java\jdk1.8.0_121\jre\classes"/>
    <property name="java.vendor" value="Oracle Corporation"/>
    <property name="maven.home" value="C:\Program Files\NetBeans 8.2\java\maven"/>
    <property name="file.separator" value="\"/>
    <property name="java.vendor.url.bug" value="http://bugreport.sun.com/bugreport/"/>
    <property name="sun.cpu.endian" value="little"/>
    <property name="sun.io.unicode.encoding" value="UnicodeLittle"/>
    <property name="sun.desktop" value="windows"/>
    <property name="sun.cpu.isalist" value="amd64"/>
  </properties>
  <testcase name="testEspera" classname="es.codeurjc.em.snake.SnakeTest" time="9.09">
    <failure message="The fist message should contain &apos;update&apos;, but it is {&quot;type&quot;:&quot;jugadorConecta&quot;,&quot;names&quot;:&quot;[\&quot;70\&quot;,\&quot;71\&quot;,\&quot;72\&quot;,\&quot;73\&quot;,\&quot;74\&quot;]&quot;}" type="java.lang.AssertionError">java.lang.AssertionError: The fist message should contain 'update', but it is {"type":"jugadorConecta","names":"[\"70\",\"71\",\"72\",\"73\",\"74\"]"}
	at org.junit.Assert.fail(Assert.java:88)
	at org.junit.Assert.assertTrue(Assert.java:41)
	at es.codeurjc.em.snake.SnakeTest.testEspera(SnakeTest.java:324)
</failure>
    <system-out><![CDATA[
  .   ____          _            __ _ _
 /\\ / ___'_ __ _ _(_)_ __  __ _ \ \ \ \
( ( )\___ | '_ | '_| | '_ \/ _` | \ \ \ \
 \\/  ___)| |_)| | | | | || (_| |  ) ) ) )
  '  |____| .__|_| |_|_| |_\__, | / / / /
 =========|_|==============|___/=/_/_/_/
 :: Spring Boot ::        (v1.5.2.RELEASE)

2018-05-27 15:54:59.482  INFO 8268 --- [           main] es.codeurjc.em.snake.Application         : Starting Application on DESKTOP-9DJH773 with PID 8268 (started by Brisin in D:\Git\Entornos\Snake)
2018-05-27 15:54:59.484  INFO 8268 --- [           main] es.codeurjc.em.snake.Application         : No active profile set, falling back to default profiles: default
2018-05-27 15:54:59.533  INFO 8268 --- [           main] ationConfigEmbeddedWebApplicationContext : Refreshing org.springframework.boot.context.embedded.AnnotationConfigEmbeddedWebApplicationContext@4b5d6a01: startup date [Sun May 27 15:54:59 CEST 2018]; root of context hierarchy
2018-05-27 15:55:00.436  INFO 8268 --- [           main] s.b.c.e.t.TomcatEmbeddedServletContainer : Tomcat initialized with port(s): 9000 (http)
2018-05-27 15:55:00.450  INFO 8268 --- [           main] o.apache.catalina.core.StandardService   : Starting service Tomcat
2018-05-27 15:55:00.452  INFO 8268 --- [           main] org.apache.catalina.core.StandardEngine  : Starting Servlet Engine: Apache Tomcat/8.5.11
2018-05-27 15:55:00.541  INFO 8268 --- [ost-startStop-1] o.a.c.c.C.[Tomcat].[localhost].[/]       : Initializing Spring embedded WebApplicationContext
2018-05-27 15:55:00.541  INFO 8268 --- [ost-startStop-1] o.s.web.context.ContextLoader            : Root WebApplicationContext: initialization completed in 1011 ms
2018-05-27 15:55:00.666  INFO 8268 --- [ost-startStop-1] o.s.b.w.servlet.ServletRegistrationBean  : Mapping servlet: 'dispatcherServlet' to [/]
2018-05-27 15:55:00.669  INFO 8268 --- [ost-startStop-1] o.s.b.w.servlet.FilterRegistrationBean   : Mapping filter: 'characterEncodingFilter' to: [/*]
2018-05-27 15:55:00.670  INFO 8268 --- [ost-startStop-1] o.s.b.w.servlet.FilterRegistrationBean   : Mapping filter: 'hiddenHttpMethodFilter' to: [/*]
2018-05-27 15:55:00.670  INFO 8268 --- [ost-startStop-1] o.s.b.w.servlet.FilterRegistrationBean   : Mapping filter: 'httpPutFormContentFilter' to: [/*]
2018-05-27 15:55:00.670  INFO 8268 --- [ost-startStop-1] o.s.b.w.servlet.FilterRegistrationBean   : Mapping filter: 'requestContextFilter' to: [/*]
2018-05-27 15:55:00.754  INFO 8268 --- [           main] o.s.s.c.ThreadPoolTaskScheduler          : Initializing ExecutorService  'defaultSockJsTaskScheduler'
2018-05-27 15:55:00.787  INFO 8268 --- [           main] o.s.w.s.s.s.WebSocketHandlerMapping      : Mapped URL path [/snake] onto handler of type [class org.springframework.web.socket.server.support.WebSocketHttpRequestHandler]
2018-05-27 15:55:00.985  INFO 8268 --- [           main] s.w.s.m.m.a.RequestMappingHandlerAdapter : Looking for @ControllerAdvice: org.springframework.boot.context.embedded.AnnotationConfigEmbeddedWebApplicationContext@4b5d6a01: startup date [Sun May 27 15:54:59 CEST 2018]; root of context hierarchy
2018-05-27 15:55:01.036  INFO 8268 --- [           main] s.w.s.m.m.a.RequestMappingHandlerMapping : Mapped "{[/muroPuntos],methods=[GET]}" onto public java.lang.String es.codeurjc.em.snake.APIRest.getMuroPuntos()
2018-05-27 15:55:01.037  INFO 8268 --- [           main] s.w.s.m.m.a.RequestMappingHandlerMapping : Mapped "{[/partidas],methods=[GET]}" onto public java.lang.String es.codeurjc.em.snake.APIRest.getPartidas()
2018-05-27 15:55:01.037  INFO 8268 --- [           main] s.w.s.m.m.a.RequestMappingHandlerMapping : Mapped "{[/newGame],methods=[POST]}" onto public void es.codeurjc.em.snake.APIRest.crearNuevaPartida(java.lang.String)
2018-05-27 15:55:01.041  INFO 8268 --- [           main] s.w.s.m.m.a.RequestMappingHandlerMapping : Mapped "{[/error]}" onto public org.springframework.http.ResponseEntity<java.util.Map<java.lang.String, java.lang.Object>> org.springframework.boot.autoconfigure.web.BasicErrorController.error(javax.servlet.http.HttpServletRequest)
2018-05-27 15:55:01.041  INFO 8268 --- [           main] s.w.s.m.m.a.RequestMappingHandlerMapping : Mapped "{[/error],produces=[text/html]}" onto public org.springframework.web.servlet.ModelAndView org.springframework.boot.autoconfigure.web.BasicErrorController.errorHtml(javax.servlet.http.HttpServletRequest,javax.servlet.http.HttpServletResponse)
2018-05-27 15:55:01.070  INFO 8268 --- [           main] o.s.w.s.handler.SimpleUrlHandlerMapping  : Mapped URL path [/webjars/**] onto handler of type [class org.springframework.web.servlet.resource.ResourceHttpRequestHandler]
2018-05-27 15:55:01.071  INFO 8268 --- [           main] o.s.w.s.handler.SimpleUrlHandlerMapping  : Mapped URL path [/**] onto handler of type [class org.springframework.web.servlet.resource.ResourceHttpRequestHandler]
2018-05-27 15:55:01.102  INFO 8268 --- [           main] o.s.w.s.handler.SimpleUrlHandlerMapping  : Mapped URL path [/**/favicon.ico] onto handler of type [class org.springframework.web.servlet.resource.ResourceHttpRequestHandler]
2018-05-27 15:55:01.137  WARN 8268 --- [           main] o.s.b.a.m.MustacheAutoConfiguration      : Cannot find template location: classpath:/templates/ (please add some templates, check your Mustache configuration, or set spring.mustache.check-template-location=false)
2018-05-27 15:55:01.204  INFO 8268 --- [           main] oConfiguration$WelcomePageHandlerMapping : Adding welcome page: class path resource [static/index.html]
2018-05-27 15:55:01.350  INFO 8268 --- [           main] o.s.j.e.a.AnnotationMBeanExporter        : Registering beans for JMX exposure on startup
2018-05-27 15:55:01.355  INFO 8268 --- [           main] o.s.c.support.DefaultLifecycleProcessor  : Starting beans in phase 2147483647
2018-05-27 15:55:01.406  INFO 8268 --- [           main] s.b.c.e.t.TomcatEmbeddedServletContainer : Tomcat started on port(s): 9000 (http)
2018-05-27 15:55:01.412  INFO 8268 --- [           main] es.codeurjc.em.snake.Application         : Started Application in 2.14 seconds (JVM running for 2.46)
2018-05-27 15:55:01.762  INFO 8268 --- [nio-9000-exec-1] o.a.c.c.C.[Tomcat].[localhost].[/]       : Initializing Spring FrameworkServlet 'dispatcherServlet'
2018-05-27 15:55:01.762  INFO 8268 --- [nio-9000-exec-1] o.s.web.servlet.DispatcherServlet        : FrameworkServlet 'dispatcherServlet': initialization started
2018-05-27 15:55:01.774  INFO 8268 --- [nio-9000-exec-1] o.s.web.servlet.DispatcherServlet        : FrameworkServlet 'dispatcherServlet': initialization completed in 12 ms
crearSerpiente [Ljava.lang.String;@608d7b05
crearSerpiente [Ljava.lang.String;@6ddb5862
crearSerpiente [Ljava.lang.String;@2f6139d0
crearSerpiente [Ljava.lang.String;@4de9199a
crearSerpiente [Ljava.lang.String;@16a5c15f
TestMessage: {"type":"jugadorConecta","names":"[\"70\",\"71\"]"}
TestMessage: {"type":"jugadorConecta","names":"[\"70\",\"71\"]"}
TestMessage: {"type":"jugadorConecta","names":"[\"70\",\"71\",\"72\",\"73\"]"}
TestMessage: {"type":"jugadorConecta","names":"[\"70\",\"71\",\"72\",\"73\"]"}
TestMessage: {"type":"jugadorConecta","names":"[\"70\",\"71\",\"72\",\"73\"]"}
TestMessage: {"type":"jugadorConecta","names":"[\"70\",\"71\",\"72\",\"73\"]"}
TestMessage: {"type":"jugadorConecta","names":"[\"71\"]"}
TestMessage: {"type":"jugadorConecta","names":"[\"70\",\"71\",\"72\",\"73\",\"74\"]"}
TestMessage: {"type":"jugadorConecta","names":"[\"71\"]"}
TestMessage: {"type":"jugadorConecta","names":"[\"70\",\"71\"]"}
TestMessage: {"type":"jugadorConecta","names":"[\"70\",\"71\",\"72\",\"73\",\"74\"]"}
TestMessage: {"type":"jugadorConecta","names":"[\"70\",\"71\",\"72\",\"73\"]"}
TestMessage: {"type":"jugadorConecta","names":"[\"70\",\"71\",\"72\",\"73\"]"}
TestMessage: {"type":"jugadorConecta","names":"[\"71\"]"}
TestMessage: {"type":"jugadorConecta","names":"[\"70\",\"71\",\"72\",\"73\",\"74\"]"}
TestMessage: {"type":"jugadorConecta","names":"[\"70\",\"71\"]"}
TestMessage: {"type":"jugadorConecta","names":"[\"70\",\"71\",\"72\",\"73\"]"}
TestMessage: {"type":"jugadorConecta","names":"[\"70\",\"71\",\"72\",\"73\"]"}
TestMessage: {"type":"jugadorConecta","names":"[\"71\"]"}
TestMessage: {"type":"jugadorConecta","names":"[\"70\",\"71\",\"72\",\"73\",\"74\"]"}
TestMessage: {"type":"jugadorConecta","names":"[\"70\",\"71\"]"}
TestMessage: {"type":"jugadorConecta","names":"[\"70\",\"71\",\"72\",\"73\"]"}
TestMessage: {"type":"jugadorConecta","names":"[\"70\",\"71\",\"72\",\"73\"]"}
TestMessage: {"type":"jugadorConecta","names":"[\"71\"]"}
TestMessage: {"type":"jugadorConecta","names":"[\"70\",\"71\",\"72\",\"73\",\"74\"]"}
Connected
0 Se conecta a la sala con msg: {"funcion": "unirGame", "params": ["prueba4"]}
1 Se conecta a la sala con msg: {"funcion": "unirGame", "params": ["prueba4"]}
2 Se conecta a la sala con msg: {"funcion": "unirGame", "params": ["prueba4"]}
unirGame [Ljava.lang.String;@351e8c6d
unirGame [Ljava.lang.String;@af73e56
//////////////////////////////////////LA SALA ES: prueba4
3 Se conecta a la sala con msg: {"funcion": "unirGame", "params": ["prueba4"]}
unirGame [Ljava.lang.String;@33ff19c6
Sending message {"players":"[\"70\"]","sala":"prueba4","type":"sala"} to 2
unirGame [Ljava.lang.String;@56af9346
TestMessage: {"players":"[\"70\"]","sala":"prueba4","type":"sala"}
Sending message {"type": "join","data":[{"id": 2, "color": "#e6bec3","name":"70","puntos": 0}]} to 2
//////////////////////////////////////LA SALA ES: prueba4
Sending message {"players":"[\"70\",\"73\"]","sala":"prueba4","type":"sala"} to 2
TestMessage: {"type": "join","data":[{"id": 2, "color": "#e6bec3","name":"70","puntos": 0}]}
Sending message {"players":"[\"70\",\"73\"]","sala":"prueba4","type":"sala"} to 3
TestMessage: {"players":"[\"70\",\"73\"]","sala":"prueba4","type":"sala"}
TestMessage: {"players":"[\"70\",\"73\"]","sala":"prueba4","type":"sala"}
Sending message {"type": "join","data":[{"id": 2, "color": "#e6bec3","name":"70","puntos": 0},{"id": 3, "color": "#c8d4e6","name":"73","puntos": 0}]} to 2
Sending message {"type": "join","data":[{"id": 2, "color": "#e6bec3","name":"70","puntos": 0},{"id": 3, "color": "#c8d4e6","name":"73","puntos": 0}]} to 3
TestMessage: {"type": "join","data":[{"id": 2, "color": "#e6bec3","name":"70","puntos": 0},{"id": 3, "color": "#c8d4e6","name":"73","puntos": 0}]}
TestMessage: {"type": "join","data":[{"id": 2, "color": "#e6bec3","name":"70","puntos": 0},{"id": 3, "color": "#c8d4e6","name":"73","puntos": 0}]}
//////////////////////////////////////LA SALA ES: prueba4
Sending message {"players":"[\"72\",\"70\",\"73\"]","sala":"prueba4","type":"sala"} to 1
Sending message {"players":"[\"72\",\"70\",\"73\"]","sala":"prueba4","type":"sala"} to 2
TestMessage: {"players":"[\"72\",\"70\",\"73\"]","sala":"prueba4","type":"sala"}
Sending message {"players":"[\"72\",\"70\",\"73\"]","sala":"prueba4","type":"sala"} to 3
TestMessage: {"players":"[\"72\",\"70\",\"73\"]","sala":"prueba4","type":"sala"}
TestMessage: {"players":"[\"72\",\"70\",\"73\"]","sala":"prueba4","type":"sala"}
Sending message {"type": "join","data":[{"id": 1, "color": "#d6c6e6","name":"72","puntos": 0},{"id": 2, "color": "#e6bec3","name":"70","puntos": 0},{"id": 3, "color": "#c8d4e6","name":"73","puntos": 0}]} to 1
Sending message {"type": "join","data":[{"id": 1, "color": "#d6c6e6","name":"72","puntos": 0},{"id": 2, "color": "#e6bec3","name":"70","puntos": 0},{"id": 3, "color": "#c8d4e6","name":"73","puntos": 0}]} to 2
TestMessage: {"type": "join","data":[{"id": 1, "color": "#d6c6e6","name":"72","puntos": 0},{"id": 2, "color": "#e6bec3","name":"70","puntos": 0},{"id": 3, "color": "#c8d4e6","name":"73","puntos": 0}]}
Sending message {"type": "join","data":[{"id": 1, "color": "#d6c6e6","name":"72","puntos": 0},{"id": 2, "color": "#e6bec3","name":"70","puntos": 0},{"id": 3, "color": "#c8d4e6","name":"73","puntos": 0}]} to 3
TestMessage: {"type": "join","data":[{"id": 1, "color": "#d6c6e6","name":"72","puntos": 0},{"id": 2, "color": "#e6bec3","name":"70","puntos": 0},{"id": 3, "color": "#c8d4e6","name":"73","puntos": 0}]}
TestMessage: {"type": "join","data":[{"id": 1, "color": "#d6c6e6","name":"72","puntos": 0},{"id": 2, "color": "#e6bec3","name":"70","puntos": 0},{"id": 3, "color": "#c8d4e6","name":"73","puntos": 0}]}
//////////////////////////////////////LA SALA ES: prueba4
Sending message {"players":"[\"71\",\"72\",\"70\",\"73\"]","sala":"prueba4","type":"sala"} to 0
Sending message {"players":"[\"71\",\"72\",\"70\",\"73\"]","sala":"prueba4","type":"sala"} to 1
TestMessage: {"players":"[\"71\",\"72\",\"70\",\"73\"]","sala":"prueba4","type":"sala"}
Sending message {"players":"[\"71\",\"72\",\"70\",\"73\"]","sala":"prueba4","type":"sala"} to 2
TestMessage: {"players":"[\"71\",\"72\",\"70\",\"73\"]","sala":"prueba4","type":"sala"}
Sending message {"players":"[\"71\",\"72\",\"70\",\"73\"]","sala":"prueba4","type":"sala"} to 3
TestMessage: {"players":"[\"71\",\"72\",\"70\",\"73\"]","sala":"prueba4","type":"sala"}
TestMessage: {"players":"[\"71\",\"72\",\"70\",\"73\"]","sala":"prueba4","type":"sala"}
Sending message {"type": "join","data":[{"id": 0, "color": "#e6e1c4","name":"71","puntos": 0},{"id": 1, "color": "#d6c6e6","name":"72","puntos": 0},{"id": 2, "color": "#e6bec3","name":"70","puntos": 0},{"id": 3, "color": "#c8d4e6","name":"73","puntos": 0}]} to 0
Sending message {"type": "join","data":[{"id": 0, "color": "#e6e1c4","name":"71","puntos": 0},{"id": 1, "color": "#d6c6e6","name":"72","puntos": 0},{"id": 2, "color": "#e6bec3","name":"70","puntos": 0},{"id": 3, "color": "#c8d4e6","name":"73","puntos": 0}]} to 1
TestMessage: {"type": "join","data":[{"id": 0, "color": "#e6e1c4","name":"71","puntos": 0},{"id": 1, "color": "#d6c6e6","name":"72","puntos": 0},{"id": 2, "color": "#e6bec3","name":"70","puntos": 0},{"id": 3, "color": "#c8d4e6","name":"73","puntos": 0}]}
Sending message {"type": "join","data":[{"id": 0, "color": "#e6e1c4","name":"71","puntos": 0},{"id": 1, "color": "#d6c6e6","name":"72","puntos": 0},{"id": 2, "color": "#e6bec3","name":"70","puntos": 0},{"id": 3, "color": "#c8d4e6","name":"73","puntos": 0}]} to 2
TestMessage: {"type": "join","data":[{"id": 0, "color": "#e6e1c4","name":"71","puntos": 0},{"id": 1, "color": "#d6c6e6","name":"72","puntos": 0},{"id": 2, "color": "#e6bec3","name":"70","puntos": 0},{"id": 3, "color": "#c8d4e6","name":"73","puntos": 0}]}
Sending message {"type": "join","data":[{"id": 0, "color": "#e6e1c4","name":"71","puntos": 0},{"id": 1, "color": "#d6c6e6","name":"72","puntos": 0},{"id": 2, "color": "#e6bec3","name":"70","puntos": 0},{"id": 3, "color": "#c8d4e6","name":"73","puntos": 0}]} to 3
TestMessage: {"type": "join","data":[{"id": 0, "color": "#e6e1c4","name":"71","puntos": 0},{"id": 1, "color": "#d6c6e6","name":"72","puntos": 0},{"id": 2, "color": "#e6bec3","name":"70","puntos": 0},{"id": 3, "color": "#c8d4e6","name":"73","puntos": 0}]}
TestMessage: {"type": "join","data":[{"id": 0, "color": "#e6e1c4","name":"71","puntos": 0},{"id": 1, "color": "#d6c6e6","name":"72","puntos": 0},{"id": 2, "color": "#e6bec3","name":"70","puntos": 0},{"id": 3, "color": "#c8d4e6","name":"73","puntos": 0}]}
Sending message {"type":"jugar"} to 0
Sending message {"type":"jugar"} to 1
Sending message {"type":"jugar"} to 2
TestMessage: {"type":"jugar"}
TestMessage: {"type":"jugar"}
Sending message {"type":"jugar"} to 3
TestMessage: {"type":"jugar"}
TestMessage: {"type":"jugar"}
Sending message {"type":"update","data":[{"id":0,"body":[{"x": 150, "y": 210}]},{"id":1,"body":[{"x": 40, "y": 370}]},{"id":2,"body":[{"x": 160, "y": 190}]},{"id":3,"body":[{"x": 30, "y": 240}]}],"food":[570,0,"#e6bfa6"]} to 0
Sending message {"type":"update","data":[{"id":0,"body":[{"x": 150, "y": 210}]},{"id":1,"body":[{"x": 40, "y": 370}]},{"id":2,"body":[{"x": 160, "y": 190}]},{"id":3,"body":[{"x": 30, "y": 240}]}],"food":[570,0,"#e6bfa6"]} to 1
TestMessage: {"type":"update","data":[{"id":0,"body":[{"x": 150, "y": 210}]},{"id":1,"body":[{"x": 40, "y": 370}]},{"id":2,"body":[{"x": 160, "y": 190}]},{"id":3,"body":[{"x": 30, "y": 240}]}],"food":[570,0,"#e6bfa6"]}
Sending message {"type":"update","data":[{"id":0,"body":[{"x": 150, "y": 210}]},{"id":1,"body":[{"x": 40, "y": 370}]},{"id":2,"body":[{"x": 160, "y": 190}]},{"id":3,"body":[{"x": 30, "y": 240}]}],"food":[570,0,"#e6bfa6"]} to 2
TestMessage: {"type":"update","data":[{"id":0,"body":[{"x": 150, "y": 210}]},{"id":1,"body":[{"x": 40, "y": 370}]},{"id":2,"body":[{"x": 160, "y": 190}]},{"id":3,"body":[{"x": 30, "y": 240}]}],"food":[570,0,"#e6bfa6"]}
Sending message {"type":"update","data":[{"id":0,"body":[{"x": 150, "y": 210}]},{"id":1,"body":[{"x": 40, "y": 370}]},{"id":2,"body":[{"x": 160, "y": 190}]},{"id":3,"body":[{"x": 30, "y": 240}]}],"food":[570,0,"#e6bfa6"]} to 3
TestMessage: {"type":"update","data":[{"id":0,"body":[{"x": 150, "y": 210}]},{"id":1,"body":[{"x": 40, "y": 370}]},{"id":2,"body":[{"x": 160, "y": 190}]},{"id":3,"body":[{"x": 30, "y": 240}]}],"food":[570,0,"#e6bfa6"]}
TestMessage: {"type":"update","data":[{"id":0,"body":[{"x": 150, "y": 210}]},{"id":1,"body":[{"x": 40, "y": 370}]},{"id":2,"body":[{"x": 160, "y": 190}]},{"id":3,"body":[{"x": 30, "y": 240}]}],"food":[570,0,"#e6bfa6"]}
Sending message {"type":"update","data":[{"id":0,"body":[{"x": 150, "y": 210}]},{"id":1,"body":[{"x": 40, "y": 370}]},{"id":2,"body":[{"x": 160, "y": 190}]},{"id":3,"body":[{"x": 30, "y": 240}]}],"food":[570,0,"#e6bfa6"]} to 0
Sending message {"type":"update","data":[{"id":0,"body":[{"x": 150, "y": 210}]},{"id":1,"body":[{"x": 40, "y": 370}]},{"id":2,"body":[{"x": 160, "y": 190}]},{"id":3,"body":[{"x": 30, "y": 240}]}],"food":[570,0,"#e6bfa6"]} to 1
TestMessage: {"type":"update","data":[{"id":0,"body":[{"x": 150, "y": 210}]},{"id":1,"body":[{"x": 40, "y": 370}]},{"id":2,"body":[{"x": 160, "y": 190}]},{"id":3,"body":[{"x": 30, "y": 240}]}],"food":[570,0,"#e6bfa6"]}
Sending message {"type":"update","data":[{"id":0,"body":[{"x": 150, "y": 210}]},{"id":1,"body":[{"x": 40, "y": 370}]},{"id":2,"body":[{"x": 160, "y": 190}]},{"id":3,"body":[{"x": 30, "y": 240}]}],"food":[570,0,"#e6bfa6"]} to 2
TestMessage: {"type":"update","data":[{"id":0,"body":[{"x": 150, "y": 210}]},{"id":1,"body":[{"x": 40, "y": 370}]},{"id":2,"body":[{"x": 160, "y": 190}]},{"id":3,"body":[{"x": 30, "y": 240}]}],"food":[570,0,"#e6bfa6"]}
Sending message {"type":"update","data":[{"id":0,"body":[{"x": 150, "y": 210}]},{"id":1,"body":[{"x": 40, "y": 370}]},{"id":2,"body":[{"x": 160, "y": 190}]},{"id":3,"body":[{"x": 30, "y": 240}]}],"food":[570,0,"#e6bfa6"]} to 3
TestMessage: {"type":"update","data":[{"id":0,"body":[{"x": 150, "y": 210}]},{"id":1,"body":[{"x": 40, "y": 370}]},{"id":2,"body":[{"x": 160, "y": 190}]},{"id":3,"body":[{"x": 30, "y": 240}]}],"food":[570,0,"#e6bfa6"]}
TestMessage: {"type":"update","data":[{"id":0,"body":[{"x": 150, "y": 210}]},{"id":1,"body":[{"x": 40, "y": 370}]},{"id":2,"body":[{"x": 160, "y": 190}]},{"id":3,"body":[{"x": 30, "y": 240}]}],"food":[570,0,"#e6bfa6"]}
Sending message {"type":"update","data":[{"id":0,"body":[{"x": 150, "y": 210}]},{"id":1,"body":[{"x": 40, "y": 370}]},{"id":2,"body":[{"x": 160, "y": 190}]},{"id":3,"body":[{"x": 30, "y": 240}]}],"food":[570,0,"#e6bfa6"]} to 0
Sending message {"type":"update","data":[{"id":0,"body":[{"x": 150, "y": 210}]},{"id":1,"body":[{"x": 40, "y": 370}]},{"id":2,"body":[{"x": 160, "y": 190}]},{"id":3,"body":[{"x": 30, "y": 240}]}],"food":[570,0,"#e6bfa6"]} to 1
TestMessage: {"type":"update","data":[{"id":0,"body":[{"x": 150, "y": 210}]},{"id":1,"body":[{"x": 40, "y": 370}]},{"id":2,"body":[{"x": 160, "y": 190}]},{"id":3,"body":[{"x": 30, "y": 240}]}],"food":[570,0,"#e6bfa6"]}
Sending message {"type":"update","data":[{"id":0,"body":[{"x": 150, "y": 210}]},{"id":1,"body":[{"x": 40, "y": 370}]},{"id":2,"body":[{"x": 160, "y": 190}]},{"id":3,"body":[{"x": 30, "y": 240}]}],"food":[570,0,"#e6bfa6"]} to 2
TestMessage: {"type":"update","data":[{"id":0,"body":[{"x": 150, "y": 210}]},{"id":1,"body":[{"x": 40, "y": 370}]},{"id":2,"body":[{"x": 160, "y": 190}]},{"id":3,"body":[{"x": 30, "y": 240}]}],"food":[570,0,"#e6bfa6"]}
Sending message {"type":"update","data":[{"id":0,"body":[{"x": 150, "y": 210}]},{"id":1,"body":[{"x": 40, "y": 370}]},{"id":2,"body":[{"x": 160, "y": 190}]},{"id":3,"body":[{"x": 30, "y": 240}]}],"food":[570,0,"#e6bfa6"]} to 3
TestMessage: {"type":"update","data":[{"id":0,"body":[{"x": 150, "y": 210}]},{"id":1,"body":[{"x": 40, "y": 370}]},{"id":2,"body":[{"x": 160, "y": 190}]},{"id":3,"body":[{"x": 30, "y": 240}]}],"food":[570,0,"#e6bfa6"]}
TestMessage: {"type":"update","data":[{"id":0,"body":[{"x": 150, "y": 210}]},{"id":1,"body":[{"x": 40, "y": 370}]},{"id":2,"body":[{"x": 160, "y": 190}]},{"id":3,"body":[{"x": 30, "y": 240}]}],"food":[570,0,"#e6bfa6"]}
Sending message {"type":"update","data":[{"id":0,"body":[{"x": 150, "y": 210}]},{"id":1,"body":[{"x": 40, "y": 370}]},{"id":2,"body":[{"x": 160, "y": 190}]},{"id":3,"body":[{"x": 30, "y": 240}]}],"food":[570,0,"#e6bfa6"]} to 0
Sending message {"type":"update","data":[{"id":0,"body":[{"x": 150, "y": 210}]},{"id":1,"body":[{"x": 40, "y": 370}]},{"id":2,"body":[{"x": 160, "y": 190}]},{"id":3,"body":[{"x": 30, "y": 240}]}],"food":[570,0,"#e6bfa6"]} to 1
TestMessage: {"type":"update","data":[{"id":0,"body":[{"x": 150, "y": 210}]},{"id":1,"body":[{"x": 40, "y": 370}]},{"id":2,"body":[{"x": 160, "y": 190}]},{"id":3,"body":[{"x": 30, "y": 240}]}],"food":[570,0,"#e6bfa6"]}
Sending message {"type":"update","data":[{"id":0,"body":[{"x": 150, "y": 210}]},{"id":1,"body":[{"x": 40, "y": 370}]},{"id":2,"body":[{"x": 160, "y": 190}]},{"id":3,"body":[{"x": 30, "y": 240}]}],"food":[570,0,"#e6bfa6"]} to 2
TestMessage: {"type":"update","data":[{"id":0,"body":[{"x": 150, "y": 210}]},{"id":1,"body":[{"x": 40, "y": 370}]},{"id":2,"body":[{"x": 160, "y": 190}]},{"id":3,"body":[{"x": 30, "y": 240}]}],"food":[570,0,"#e6bfa6"]}
Sending message {"type":"update","data":[{"id":0,"body":[{"x": 150, "y": 210}]},{"id":1,"body":[{"x": 40, "y": 370}]},{"id":2,"body":[{"x": 160, "y": 190}]},{"id":3,"body":[{"x": 30, "y": 240}]}],"food":[570,0,"#e6bfa6"]} to 3
TestMessage: {"type":"update","data":[{"id":0,"body":[{"x": 150, "y": 210}]},{"id":1,"body":[{"x": 40, "y": 370}]},{"id":2,"body":[{"x": 160, "y": 190}]},{"id":3,"body":[{"x": 30, "y": 240}]}],"food":[570,0,"#e6bfa6"]}
TestMessage: {"type":"update","data":[{"id":0,"body":[{"x": 150, "y": 210}]},{"id":1,"body":[{"x": 40, "y": 370}]},{"id":2,"body":[{"x": 160, "y": 190}]},{"id":3,"body":[{"x": 30, "y": 240}]}],"food":[570,0,"#e6bfa6"]}
Sending message {"type":"update","data":[{"id":0,"body":[{"x": 150, "y": 210}]},{"id":1,"body":[{"x": 40, "y": 370}]},{"id":2,"body":[{"x": 160, "y": 190}]},{"id":3,"body":[{"x": 30, "y": 240}]}],"food":[570,0,"#e6bfa6"]} to 0
Sending message {"type":"update","data":[{"id":0,"body":[{"x": 150, "y": 210}]},{"id":1,"body":[{"x": 40, "y": 370}]},{"id":2,"body":[{"x": 160, "y": 190}]},{"id":3,"body":[{"x": 30, "y": 240}]}],"food":[570,0,"#e6bfa6"]} to 1
TestMessage: {"type":"update","data":[{"id":0,"body":[{"x": 150, "y": 210}]},{"id":1,"body":[{"x": 40, "y": 370}]},{"id":2,"body":[{"x": 160, "y": 190}]},{"id":3,"body":[{"x": 30, "y": 240}]}],"food":[570,0,"#e6bfa6"]}
Sending message {"type":"update","data":[{"id":0,"body":[{"x": 150, "y": 210}]},{"id":1,"body":[{"x": 40, "y": 370}]},{"id":2,"body":[{"x": 160, "y": 190}]},{"id":3,"body":[{"x": 30, "y": 240}]}],"food":[570,0,"#e6bfa6"]} to 2
TestMessage: {"type":"update","data":[{"id":0,"body":[{"x": 150, "y": 210}]},{"id":1,"body":[{"x": 40, "y": 370}]},{"id":2,"body":[{"x": 160, "y": 190}]},{"id":3,"body":[{"x": 30, "y": 240}]}],"food":[570,0,"#e6bfa6"]}
Sending message {"type":"update","data":[{"id":0,"body":[{"x": 150, "y": 210}]},{"id":1,"body":[{"x": 40, "y": 370}]},{"id":2,"body":[{"x": 160, "y": 190}]},{"id":3,"body":[{"x": 30, "y": 240}]}],"food":[570,0,"#e6bfa6"]} to 3
TestMessage: {"type":"update","data":[{"id":0,"body":[{"x": 150, "y": 210}]},{"id":1,"body":[{"x": 40, "y": 370}]},{"id":2,"body":[{"x": 160, "y": 190}]},{"id":3,"body":[{"x": 30, "y": 240}]}],"food":[570,0,"#e6bfa6"]}
TestMessage: {"type":"update","data":[{"id":0,"body":[{"x": 150, "y": 210}]},{"id":1,"body":[{"x": 40, "y": 370}]},{"id":2,"body":[{"x": 160, "y": 190}]},{"id":3,"body":[{"x": 30, "y": 240}]}],"food":[570,0,"#e6bfa6"]}
Sending message {"type":"update","data":[{"id":0,"body":[{"x": 150, "y": 210}]},{"id":1,"body":[{"x": 40, "y": 370}]},{"id":2,"body":[{"x": 160, "y": 190}]},{"id":3,"body":[{"x": 30, "y": 240}]}],"food":[570,0,"#e6bfa6"]} to 0
Sending message {"type":"update","data":[{"id":0,"body":[{"x": 150, "y": 210}]},{"id":1,"body":[{"x": 40, "y": 370}]},{"id":2,"body":[{"x": 160, "y": 190}]},{"id":3,"body":[{"x": 30, "y": 240}]}],"food":[570,0,"#e6bfa6"]} to 1
TestMessage: {"type":"update","data":[{"id":0,"body":[{"x": 150, "y": 210}]},{"id":1,"body":[{"x": 40, "y": 370}]},{"id":2,"body":[{"x": 160, "y": 190}]},{"id":3,"body":[{"x": 30, "y": 240}]}],"food":[570,0,"#e6bfa6"]}
Sending message {"type":"update","data":[{"id":0,"body":[{"x": 150, "y": 210}]},{"id":1,"body":[{"x": 40, "y": 370}]},{"id":2,"body":[{"x": 160, "y": 190}]},{"id":3,"body":[{"x": 30, "y": 240}]}],"food":[570,0,"#e6bfa6"]} to 2
TestMessage: {"type":"update","data":[{"id":0,"body":[{"x": 150, "y": 210}]},{"id":1,"body":[{"x": 40, "y": 370}]},{"id":2,"body":[{"x": 160, "y": 190}]},{"id":3,"body":[{"x": 30, "y": 240}]}],"food":[570,0,"#e6bfa6"]}
Sending message {"type":"update","data":[{"id":0,"body":[{"x": 150, "y": 210}]},{"id":1,"body":[{"x": 40, "y": 370}]},{"id":2,"body":[{"x": 160, "y": 190}]},{"id":3,"body":[{"x": 30, "y": 240}]}],"food":[570,0,"#e6bfa6"]} to 3
TestMessage: {"type":"update","data":[{"id":0,"body":[{"x": 150, "y": 210}]},{"id":1,"body":[{"x": 40, "y": 370}]},{"id":2,"body":[{"x": 160, "y": 190}]},{"id":3,"body":[{"x": 30, "y": 240}]}],"food":[570,0,"#e6bfa6"]}
TestMessage: {"type":"update","data":[{"id":0,"body":[{"x": 150, "y": 210}]},{"id":1,"body":[{"x": 40, "y": 370}]},{"id":2,"body":[{"x": 160, "y": 190}]},{"id":3,"body":[{"x": 30, "y": 240}]}],"food":[570,0,"#e6bfa6"]}
Sending message {"type":"update","data":[{"id":0,"body":[{"x": 150, "y": 210}]},{"id":1,"body":[{"x": 40, "y": 370}]},{"id":2,"body":[{"x": 160, "y": 190}]},{"id":3,"body":[{"x": 30, "y": 240}]}],"food":[570,0,"#e6bfa6"]} to 0
Sending message {"type":"update","data":[{"id":0,"body":[{"x": 150, "y": 210}]},{"id":1,"body":[{"x": 40, "y": 370}]},{"id":2,"body":[{"x": 160, "y": 190}]},{"id":3,"body":[{"x": 30, "y": 240}]}],"food":[570,0,"#e6bfa6"]} to 1
Sending message {"type":"update","data":[{"id":0,"body":[{"x": 150, "y": 210}]},{"id":1,"body":[{"x": 40, "y": 370}]},{"id":2,"body":[{"x": 160, "y": 190}]},{"id":3,"body":[{"x": 30, "y": 240}]}],"food":[570,0,"#e6bfa6"]} to 2
TestMessage: {"type":"update","data":[{"id":0,"body":[{"x": 150, "y": 210}]},{"id":1,"body":[{"x": 40, "y": 370}]},{"id":2,"body":[{"x": 160, "y": 190}]},{"id":3,"body":[{"x": 30, "y": 240}]}],"food":[570,0,"#e6bfa6"]}
TestMessage: {"type":"update","data":[{"id":0,"body":[{"x": 150, "y": 210}]},{"id":1,"body":[{"x": 40, "y": 370}]},{"id":2,"body":[{"x": 160, "y": 190}]},{"id":3,"body":[{"x": 30, "y": 240}]}],"food":[570,0,"#e6bfa6"]}
Sending message {"type":"update","data":[{"id":0,"body":[{"x": 150, "y": 210}]},{"id":1,"body":[{"x": 40, "y": 370}]},{"id":2,"body":[{"x": 160, "y": 190}]},{"id":3,"body":[{"x": 30, "y": 240}]}],"food":[570,0,"#e6bfa6"]} to 3
TestMessage: {"type":"update","data":[{"id":0,"body":[{"x": 150, "y": 210}]},{"id":1,"body":[{"x": 40, "y": 370}]},{"id":2,"body":[{"x": 160, "y": 190}]},{"id":3,"body":[{"x": 30, "y": 240}]}],"food":[570,0,"#e6bfa6"]}
TestMessage: {"type":"update","data":[{"id":0,"body":[{"x": 150, "y": 210}]},{"id":1,"body":[{"x": 40, "y": 370}]},{"id":2,"body":[{"x": 160, "y": 190}]},{"id":3,"body":[{"x": 30, "y": 240}]}],"food":[570,0,"#e6bfa6"]}
Sending message {"type":"update","data":[{"id":0,"body":[{"x": 150, "y": 210}]},{"id":1,"body":[{"x": 40, "y": 370}]},{"id":2,"body":[{"x": 160, "y": 190}]},{"id":3,"body":[{"x": 30, "y": 240}]}],"food":[570,0,"#e6bfa6"]} to 0
Sending message {"type":"update","data":[{"id":0,"body":[{"x": 150, "y": 210}]},{"id":1,"body":[{"x": 40, "y": 370}]},{"id":2,"body":[{"x": 160, "y": 190}]},{"id":3,"body":[{"x": 30, "y": 240}]}],"food":[570,0,"#e6bfa6"]} to 1
Sending message {"type":"update","data":[{"id":0,"body":[{"x": 150, "y": 210}]},{"id":1,"body":[{"x": 40, "y": 370}]},{"id":2,"body":[{"x": 160, "y": 190}]},{"id":3,"body":[{"x": 30, "y": 240}]}],"food":[570,0,"#e6bfa6"]} to 2
TestMessage: {"type":"update","data":[{"id":0,"body":[{"x": 150, "y": 210}]},{"id":1,"body":[{"x": 40, "y": 370}]},{"id":2,"body":[{"x": 160, "y": 190}]},{"id":3,"body":[{"x": 30, "y": 240}]}],"food":[570,0,"#e6bfa6"]}
TestMessage: {"type":"update","data":[{"id":0,"body":[{"x": 150, "y": 210}]},{"id":1,"body":[{"x": 40, "y": 370}]},{"id":2,"body":[{"x": 160, "y": 190}]},{"id":3,"body":[{"x": 30, "y": 240}]}],"food":[570,0,"#e6bfa6"]}
Sending message {"type":"update","data":[{"id":0,"body":[{"x": 150, "y": 210}]},{"id":1,"body":[{"x": 40, "y": 370}]},{"id":2,"body":[{"x": 160, "y": 190}]},{"id":3,"body":[{"x": 30, "y": 240}]}],"food":[570,0,"#e6bfa6"]} to 3
TestMessage: {"type":"update","data":[{"id":0,"body":[{"x": 150, "y": 210}]},{"id":1,"body":[{"x": 40, "y": 370}]},{"id":2,"body":[{"x": 160, "y": 190}]},{"id":3,"body":[{"x": 30, "y": 240}]}],"food":[570,0,"#e6bfa6"]}
TestMessage: {"type":"update","data":[{"id":0,"body":[{"x": 150, "y": 210}]},{"id":1,"body":[{"x": 40, "y": 370}]},{"id":2,"body":[{"x": 160, "y": 190}]},{"id":3,"body":[{"x": 30, "y": 240}]}],"food":[570,0,"#e6bfa6"]}
Sending message {"type":"update","data":[{"id":0,"body":[{"x": 150, "y": 210}]},{"id":1,"body":[{"x": 40, "y": 370}]},{"id":2,"body":[{"x": 160, "y": 190}]},{"id":3,"body":[{"x": 30, "y": 240}]}],"food":[570,0,"#e6bfa6"]} to 0
Sending message {"type":"update","data":[{"id":0,"body":[{"x": 150, "y": 210}]},{"id":1,"body":[{"x": 40, "y": 370}]},{"id":2,"body":[{"x": 160, "y": 190}]},{"id":3,"body":[{"x": 30, "y": 240}]}],"food":[570,0,"#e6bfa6"]} to 1
TestMessage: {"type":"update","data":[{"id":0,"body":[{"x": 150, "y": 210}]},{"id":1,"body":[{"x": 40, "y": 370}]},{"id":2,"body":[{"x": 160, "y": 190}]},{"id":3,"body":[{"x": 30, "y": 240}]}],"food":[570,0,"#e6bfa6"]}
Sending message {"type":"update","data":[{"id":0,"body":[{"x": 150, "y": 210}]},{"id":1,"body":[{"x": 40, "y": 370}]},{"id":2,"body":[{"x": 160, "y": 190}]},{"id":3,"body":[{"x": 30, "y": 240}]}],"food":[570,0,"#e6bfa6"]} to 2
TestMessage: {"type":"update","data":[{"id":0,"body":[{"x": 150, "y": 210}]},{"id":1,"body":[{"x": 40, "y": 370}]},{"id":2,"body":[{"x": 160, "y": 190}]},{"id":3,"body":[{"x": 30, "y": 240}]}],"food":[570,0,"#e6bfa6"]}
Sending message {"type":"update","data":[{"id":0,"body":[{"x": 150, "y": 210}]},{"id":1,"body":[{"x": 40, "y": 370}]},{"id":2,"body":[{"x": 160, "y": 190}]},{"id":3,"body":[{"x": 30, "y": 240}]}],"food":[570,0,"#e6bfa6"]} to 3
TestMessage: {"type":"update","data":[{"id":0,"body":[{"x": 150, "y": 210}]},{"id":1,"body":[{"x": 40, "y": 370}]},{"id":2,"body":[{"x": 160, "y": 190}]},{"id":3,"body":[{"x": 30, "y": 240}]}],"food":[570,0,"#e6bfa6"]}
TestMessage: {"type":"update","data":[{"id":0,"body":[{"x": 150, "y": 210}]},{"id":1,"body":[{"x": 40, "y": 370}]},{"id":2,"body":[{"x": 160, "y": 190}]},{"id":3,"body":[{"x": 30, "y": 240}]}],"food":[570,0,"#e6bfa6"]}
Sending message {"type":"update","data":[{"id":0,"body":[{"x": 150, "y": 210}]},{"id":1,"body":[{"x": 40, "y": 370}]},{"id":2,"body":[{"x": 160, "y": 190}]},{"id":3,"body":[{"x": 30, "y": 240}]}],"food":[570,0,"#e6bfa6"]} to 0
Sending message {"type":"update","data":[{"id":0,"body":[{"x": 150, "y": 210}]},{"id":1,"body":[{"x": 40, "y": 370}]},{"id":2,"body":[{"x": 160, "y": 190}]},{"id":3,"body":[{"x": 30, "y": 240}]}],"food":[570,0,"#e6bfa6"]} to 1
TestMessage: {"type":"update","data":[{"id":0,"body":[{"x": 150, "y": 210}]},{"id":1,"body":[{"x": 40, "y": 370}]},{"id":2,"body":[{"x": 160, "y": 190}]},{"id":3,"body":[{"x": 30, "y": 240}]}],"food":[570,0,"#e6bfa6"]}
Sending message {"type":"update","data":[{"id":0,"body":[{"x": 150, "y": 210}]},{"id":1,"body":[{"x": 40, "y": 370}]},{"id":2,"body":[{"x": 160, "y": 190}]},{"id":3,"body":[{"x": 30, "y": 240}]}],"food":[570,0,"#e6bfa6"]} to 2
TestMessage: {"type":"update","data":[{"id":0,"body":[{"x": 150, "y": 210}]},{"id":1,"body":[{"x": 40, "y": 370}]},{"id":2,"body":[{"x": 160, "y": 190}]},{"id":3,"body":[{"x": 30, "y": 240}]}],"food":[570,0,"#e6bfa6"]}
Sending message {"type":"update","data":[{"id":0,"body":[{"x": 150, "y": 210}]},{"id":1,"body":[{"x": 40, "y": 370}]},{"id":2,"body":[{"x": 160, "y": 190}]},{"id":3,"body":[{"x": 30, "y": 240}]}],"food":[570,0,"#e6bfa6"]} to 3
TestMessage: {"type":"update","data":[{"id":0,"body":[{"x": 150, "y": 210}]},{"id":1,"body":[{"x": 40, "y": 370}]},{"id":2,"body":[{"x": 160, "y": 190}]},{"id":3,"body":[{"x": 30, "y": 240}]}],"food":[570,0,"#e6bfa6"]}
TestMessage: {"type":"update","data":[{"id":0,"body":[{"x": 150, "y": 210}]},{"id":1,"body":[{"x": 40, "y": 370}]},{"id":2,"body":[{"x": 160, "y": 190}]},{"id":3,"body":[{"x": 30, "y": 240}]}],"food":[570,0,"#e6bfa6"]}
Sending message {"type":"update","data":[{"id":0,"body":[{"x": 150, "y": 210}]},{"id":1,"body":[{"x": 40, "y": 370}]},{"id":2,"body":[{"x": 160, "y": 190}]},{"id":3,"body":[{"x": 30, "y": 240}]}],"food":[570,0,"#e6bfa6"]} to 0
Sending message {"type":"update","data":[{"id":0,"body":[{"x": 150, "y": 210}]},{"id":1,"body":[{"x": 40, "y": 370}]},{"id":2,"body":[{"x": 160, "y": 190}]},{"id":3,"body":[{"x": 30, "y": 240}]}],"food":[570,0,"#e6bfa6"]} to 1
Sending message {"type":"update","data":[{"id":0,"body":[{"x": 150, "y": 210}]},{"id":1,"body":[{"x": 40, "y": 370}]},{"id":2,"body":[{"x": 160, "y": 190}]},{"id":3,"body":[{"x": 30, "y": 240}]}],"food":[570,0,"#e6bfa6"]} to 2
TestMessage: {"type":"update","data":[{"id":0,"body":[{"x": 150, "y": 210}]},{"id":1,"body":[{"x": 40, "y": 370}]},{"id":2,"body":[{"x": 160, "y": 190}]},{"id":3,"body":[{"x": 30, "y": 240}]}],"food":[570,0,"#e6bfa6"]}
Sending message {"type":"update","data":[{"id":0,"body":[{"x": 150, "y": 210}]},{"id":1,"body":[{"x": 40, "y": 370}]},{"id":2,"body":[{"x": 160, "y": 190}]},{"id":3,"body":[{"x": 30, "y": 240}]}],"food":[570,0,"#e6bfa6"]} to 3
TestMessage: {"type":"update","data":[{"id":0,"body":[{"x": 150, "y": 210}]},{"id":1,"body":[{"x": 40, "y": 370}]},{"id":2,"body":[{"x": 160, "y": 190}]},{"id":3,"body":[{"x": 30, "y": 240}]}],"food":[570,0,"#e6bfa6"]}
TestMessage: {"type":"update","data":[{"id":0,"body":[{"x": 150, "y": 210}]},{"id":1,"body":[{"x": 40, "y": 370}]},{"id":2,"body":[{"x": 160, "y": 190}]},{"id":3,"body":[{"x": 30, "y": 240}]}],"food":[570,0,"#e6bfa6"]}
TestMessage: {"type":"update","data":[{"id":0,"body":[{"x": 150, "y": 210}]},{"id":1,"body":[{"x": 40, "y": 370}]},{"id":2,"body":[{"x": 160, "y": 190}]},{"id":3,"body":[{"x": 30, "y": 240}]}],"food":[570,0,"#e6bfa6"]}
Sending message {"type":"update","data":[{"id":0,"body":[{"x": 150, "y": 210}]},{"id":1,"body":[{"x": 40, "y": 370}]},{"id":2,"body":[{"x": 160, "y": 190}]},{"id":3,"body":[{"x": 30, "y": 240}]}],"food":[570,0,"#e6bfa6"]} to 0
Sending message {"type":"update","data":[{"id":0,"body":[{"x": 150, "y": 210}]},{"id":1,"body":[{"x": 40, "y": 370}]},{"id":2,"body":[{"x": 160, "y": 190}]},{"id":3,"body":[{"x": 30, "y": 240}]}],"food":[570,0,"#e6bfa6"]} to 1
TestMessage: {"type":"update","data":[{"id":0,"body":[{"x": 150, "y": 210}]},{"id":1,"body":[{"x": 40, "y": 370}]},{"id":2,"body":[{"x": 160, "y": 190}]},{"id":3,"body":[{"x": 30, "y": 240}]}],"food":[570,0,"#e6bfa6"]}
Sending message {"type":"update","data":[{"id":0,"body":[{"x": 150, "y": 210}]},{"id":1,"body":[{"x": 40, "y": 370}]},{"id":2,"body":[{"x": 160, "y": 190}]},{"id":3,"body":[{"x": 30, "y": 240}]}],"food":[570,0,"#e6bfa6"]} to 2
TestMessage: {"type":"update","data":[{"id":0,"body":[{"x": 150, "y": 210}]},{"id":1,"body":[{"x": 40, "y": 370}]},{"id":2,"body":[{"x": 160, "y": 190}]},{"id":3,"body":[{"x": 30, "y": 240}]}],"food":[570,0,"#e6bfa6"]}
Sending message {"type":"update","data":[{"id":0,"body":[{"x": 150, "y": 210}]},{"id":1,"body":[{"x": 40, "y": 370}]},{"id":2,"body":[{"x": 160, "y": 190}]},{"id":3,"body":[{"x": 30, "y": 240}]}],"food":[570,0,"#e6bfa6"]} to 3
TestMessage: {"type":"update","data":[{"id":0,"body":[{"x": 150, "y": 210}]},{"id":1,"body":[{"x": 40, "y": 370}]},{"id":2,"body":[{"x": 160, "y": 190}]},{"id":3,"body":[{"x": 30, "y": 240}]}],"food":[570,0,"#e6bfa6"]}
TestMessage: {"type":"update","data":[{"id":0,"body":[{"x": 150, "y": 210}]},{"id":1,"body":[{"x": 40, "y": 370}]},{"id":2,"body":[{"x": 160, "y": 190}]},{"id":3,"body":[{"x": 30, "y": 240}]}],"food":[570,0,"#e6bfa6"]}
Sending message {"type":"update","data":[{"id":0,"body":[{"x": 150, "y": 210}]},{"id":1,"body":[{"x": 40, "y": 370}]},{"id":2,"body":[{"x": 160, "y": 190}]},{"id":3,"body":[{"x": 30, "y": 240}]}],"food":[570,0,"#e6bfa6"]} to 0
Sending message {"type":"update","data":[{"id":0,"body":[{"x": 150, "y": 210}]},{"id":1,"body":[{"x": 40, "y": 370}]},{"id":2,"body":[{"x": 160, "y": 190}]},{"id":3,"body":[{"x": 30, "y": 240}]}],"food":[570,0,"#e6bfa6"]} to 1
TestMessage: {"type":"update","data":[{"id":0,"body":[{"x": 150, "y": 210}]},{"id":1,"body":[{"x": 40, "y": 370}]},{"id":2,"body":[{"x": 160, "y": 190}]},{"id":3,"body":[{"x": 30, "y": 240}]}],"food":[570,0,"#e6bfa6"]}
Sending message {"type":"update","data":[{"id":0,"body":[{"x": 150, "y": 210}]},{"id":1,"body":[{"x": 40, "y": 370}]},{"id":2,"body":[{"x": 160, "y": 190}]},{"id":3,"body":[{"x": 30, "y": 240}]}],"food":[570,0,"#e6bfa6"]} to 2
TestMessage: {"type":"update","data":[{"id":0,"body":[{"x": 150, "y": 210}]},{"id":1,"body":[{"x": 40, "y": 370}]},{"id":2,"body":[{"x": 160, "y": 190}]},{"id":3,"body":[{"x": 30, "y": 240}]}],"food":[570,0,"#e6bfa6"]}
Sending message {"type":"update","data":[{"id":0,"body":[{"x": 150, "y": 210}]},{"id":1,"body":[{"x": 40, "y": 370}]},{"id":2,"body":[{"x": 160, "y": 190}]},{"id":3,"body":[{"x": 30, "y": 240}]}],"food":[570,0,"#e6bfa6"]} to 3
TestMessage: {"type":"update","data":[{"id":0,"body":[{"x": 150, "y": 210}]},{"id":1,"body":[{"x": 40, "y": 370}]},{"id":2,"body":[{"x": 160, "y": 190}]},{"id":3,"body":[{"x": 30, "y": 240}]}],"food":[570,0,"#e6bfa6"]}
TestMessage: {"type":"update","data":[{"id":0,"body":[{"x": 150, "y": 210}]},{"id":1,"body":[{"x": 40, "y": 370}]},{"id":2,"body":[{"x": 160, "y": 190}]},{"id":3,"body":[{"x": 30, "y": 240}]}],"food":[570,0,"#e6bfa6"]}
Sending message {"type":"update","data":[{"id":0,"body":[{"x": 150, "y": 210}]},{"id":1,"body":[{"x": 40, "y": 370}]},{"id":2,"body":[{"x": 160, "y": 190}]},{"id":3,"body":[{"x": 30, "y": 240}]}],"food":[570,0,"#e6bfa6"]} to 0
Sending message {"type":"update","data":[{"id":0,"body":[{"x": 150, "y": 210}]},{"id":1,"body":[{"x": 40, "y": 370}]},{"id":2,"body":[{"x": 160, "y": 190}]},{"id":3,"body":[{"x": 30, "y": 240}]}],"food":[570,0,"#e6bfa6"]} to 1
TestMessage: {"type":"update","data":[{"id":0,"body":[{"x": 150, "y": 210}]},{"id":1,"body":[{"x": 40, "y": 370}]},{"id":2,"body":[{"x": 160, "y": 190}]},{"id":3,"body":[{"x": 30, "y": 240}]}],"food":[570,0,"#e6bfa6"]}
Sending message {"type":"update","data":[{"id":0,"body":[{"x": 150, "y": 210}]},{"id":1,"body":[{"x": 40, "y": 370}]},{"id":2,"body":[{"x": 160, "y": 190}]},{"id":3,"body":[{"x": 30, "y": 240}]}],"food":[570,0,"#e6bfa6"]} to 2
TestMessage: {"type":"update","data":[{"id":0,"body":[{"x": 150, "y": 210}]},{"id":1,"body":[{"x": 40, "y": 370}]},{"id":2,"body":[{"x": 160, "y": 190}]},{"id":3,"body":[{"x": 30, "y": 240}]}],"food":[570,0,"#e6bfa6"]}
Sending message {"type":"update","data":[{"id":0,"body":[{"x": 150, "y": 210}]},{"id":1,"body":[{"x": 40, "y": 370}]},{"id":2,"body":[{"x": 160, "y": 190}]},{"id":3,"body":[{"x": 30, "y": 240}]}],"food":[570,0,"#e6bfa6"]} to 3
TestMessage: {"type":"update","data":[{"id":0,"body":[{"x": 150, "y": 210}]},{"id":1,"body":[{"x": 40, "y": 370}]},{"id":2,"body":[{"x": 160, "y": 190}]},{"id":3,"body":[{"x": 30, "y": 240}]}],"food":[570,0,"#e6bfa6"]}
TestMessage: {"type":"update","data":[{"id":0,"body":[{"x": 150, "y": 210}]},{"id":1,"body":[{"x": 40, "y": 370}]},{"id":2,"body":[{"x": 160, "y": 190}]},{"id":3,"body":[{"x": 30, "y": 240}]}],"food":[570,0,"#e6bfa6"]}
Sending message {"type":"update","data":[{"id":0,"body":[{"x": 150, "y": 210}]},{"id":1,"body":[{"x": 40, "y": 370}]},{"id":2,"body":[{"x": 160, "y": 190}]},{"id":3,"body":[{"x": 30, "y": 240}]}],"food":[570,0,"#e6bfa6"]} to 0
Sending message {"type":"update","data":[{"id":0,"body":[{"x": 150, "y": 210}]},{"id":1,"body":[{"x": 40, "y": 370}]},{"id":2,"body":[{"x": 160, "y": 190}]},{"id":3,"body":[{"x": 30, "y": 240}]}],"food":[570,0,"#e6bfa6"]} to 1
TestMessage: {"type":"update","data":[{"id":0,"body":[{"x": 150, "y": 210}]},{"id":1,"body":[{"x": 40, "y": 370}]},{"id":2,"body":[{"x": 160, "y": 190}]},{"id":3,"body":[{"x": 30, "y": 240}]}],"food":[570,0,"#e6bfa6"]}
Sending message {"type":"update","data":[{"id":0,"body":[{"x": 150, "y": 210}]},{"id":1,"body":[{"x": 40, "y": 370}]},{"id":2,"body":[{"x": 160, "y": 190}]},{"id":3,"body":[{"x": 30, "y": 240}]}],"food":[570,0,"#e6bfa6"]} to 2
TestMessage: {"type":"update","data":[{"id":0,"body":[{"x": 150, "y": 210}]},{"id":1,"body":[{"x": 40, "y": 370}]},{"id":2,"body":[{"x": 160, "y": 190}]},{"id":3,"body":[{"x": 30, "y": 240}]}],"food":[570,0,"#e6bfa6"]}
Sending message {"type":"update","data":[{"id":0,"body":[{"x": 150, "y": 210}]},{"id":1,"body":[{"x": 40, "y": 370}]},{"id":2,"body":[{"x": 160, "y": 190}]},{"id":3,"body":[{"x": 30, "y": 240}]}],"food":[570,0,"#e6bfa6"]} to 3
TestMessage: {"type":"update","data":[{"id":0,"body":[{"x": 150, "y": 210}]},{"id":1,"body":[{"x": 40, "y": 370}]},{"id":2,"body":[{"x": 160, "y": 190}]},{"id":3,"body":[{"x": 30, "y": 240}]}],"food":[570,0,"#e6bfa6"]}
TestMessage: {"type":"update","data":[{"id":0,"body":[{"x": 150, "y": 210}]},{"id":1,"body":[{"x": 40, "y": 370}]},{"id":2,"body":[{"x": 160, "y": 190}]},{"id":3,"body":[{"x": 30, "y": 240}]}],"food":[570,0,"#e6bfa6"]}
Sending message {"type":"update","data":[{"id":0,"body":[{"x": 150, "y": 210}]},{"id":1,"body":[{"x": 40, "y": 370}]},{"id":2,"body":[{"x": 160, "y": 190}]},{"id":3,"body":[{"x": 30, "y": 240}]}],"food":[570,0,"#e6bfa6"]} to 0
Sending message {"type":"update","data":[{"id":0,"body":[{"x": 150, "y": 210}]},{"id":1,"body":[{"x": 40, "y": 370}]},{"id":2,"body":[{"x": 160, "y": 190}]},{"id":3,"body":[{"x": 30, "y": 240}]}],"food":[570,0,"#e6bfa6"]} to 1
Sending message {"type":"update","data":[{"id":0,"body":[{"x": 150, "y": 210}]},{"id":1,"body":[{"x": 40, "y": 370}]},{"id":2,"body":[{"x": 160, "y": 190}]},{"id":3,"body":[{"x": 30, "y": 240}]}],"food":[570,0,"#e6bfa6"]} to 2
TestMessage: {"type":"update","data":[{"id":0,"body":[{"x": 150, "y": 210}]},{"id":1,"body":[{"x": 40, "y": 370}]},{"id":2,"body":[{"x": 160, "y": 190}]},{"id":3,"body":[{"x": 30, "y": 240}]}],"food":[570,0,"#e6bfa6"]}
TestMessage: {"type":"update","data":[{"id":0,"body":[{"x": 150, "y": 210}]},{"id":1,"body":[{"x": 40, "y": 370}]},{"id":2,"body":[{"x": 160, "y": 190}]},{"id":3,"body":[{"x": 30, "y": 240}]}],"food":[570,0,"#e6bfa6"]}
Sending message {"type":"update","data":[{"id":0,"body":[{"x": 150, "y": 210}]},{"id":1,"body":[{"x": 40, "y": 370}]},{"id":2,"body":[{"x": 160, "y": 190}]},{"id":3,"body":[{"x": 30, "y": 240}]}],"food":[570,0,"#e6bfa6"]} to 3
TestMessage: {"type":"update","data":[{"id":0,"body":[{"x": 150, "y": 210}]},{"id":1,"body":[{"x": 40, "y": 370}]},{"id":2,"body":[{"x": 160, "y": 190}]},{"id":3,"body":[{"x": 30, "y": 240}]}],"food":[570,0,"#e6bfa6"]}
TestMessage: {"type":"update","data":[{"id":0,"body":[{"x": 150, "y": 210}]},{"id":1,"body":[{"x": 40, "y": 370}]},{"id":2,"body":[{"x": 160, "y": 190}]},{"id":3,"body":[{"x": 30, "y": 240}]}],"food":[570,0,"#e6bfa6"]}
Sending message {"type":"update","data":[{"id":0,"body":[{"x": 150, "y": 210}]},{"id":1,"body":[{"x": 40, "y": 370}]},{"id":2,"body":[{"x": 160, "y": 190}]},{"id":3,"body":[{"x": 30, "y": 240}]}],"food":[570,0,"#e6bfa6"]} to 0
Sending message {"type":"update","data":[{"id":0,"body":[{"x": 150, "y": 210}]},{"id":1,"body":[{"x": 40, "y": 370}]},{"id":2,"body":[{"x": 160, "y": 190}]},{"id":3,"body":[{"x": 30, "y": 240}]}],"food":[570,0,"#e6bfa6"]} to 1
Sending message {"type":"update","data":[{"id":0,"body":[{"x": 150, "y": 210}]},{"id":1,"body":[{"x": 40, "y": 370}]},{"id":2,"body":[{"x": 160, "y": 190}]},{"id":3,"body":[{"x": 30, "y": 240}]}],"food":[570,0,"#e6bfa6"]} to 2
TestMessage: {"type":"update","data":[{"id":0,"body":[{"x": 150, "y": 210}]},{"id":1,"body":[{"x": 40, "y": 370}]},{"id":2,"body":[{"x": 160, "y": 190}]},{"id":3,"body":[{"x": 30, "y": 240}]}],"food":[570,0,"#e6bfa6"]}
TestMessage: {"type":"update","data":[{"id":0,"body":[{"x": 150, "y": 210}]},{"id":1,"body":[{"x": 40, "y": 370}]},{"id":2,"body":[{"x": 160, "y": 190}]},{"id":3,"body":[{"x": 30, "y": 240}]}],"food":[570,0,"#e6bfa6"]}
Sending message {"type":"update","data":[{"id":0,"body":[{"x": 150, "y": 210}]},{"id":1,"body":[{"x": 40, "y": 370}]},{"id":2,"body":[{"x": 160, "y": 190}]},{"id":3,"body":[{"x": 30, "y": 240}]}],"food":[570,0,"#e6bfa6"]} to 3
TestMessage: {"type":"update","data":[{"id":0,"body":[{"x": 150, "y": 210}]},{"id":1,"body":[{"x": 40, "y": 370}]},{"id":2,"body":[{"x": 160, "y": 190}]},{"id":3,"body":[{"x": 30, "y": 240}]}],"food":[570,0,"#e6bfa6"]}
TestMessage: {"type":"update","data":[{"id":0,"body":[{"x": 150, "y": 210}]},{"id":1,"body":[{"x": 40, "y": 370}]},{"id":2,"body":[{"x": 160, "y": 190}]},{"id":3,"body":[{"x": 30, "y": 240}]}],"food":[570,0,"#e6bfa6"]}
Sending message {"type":"update","data":[{"id":0,"body":[{"x": 150, "y": 210}]},{"id":1,"body":[{"x": 40, "y": 370}]},{"id":2,"body":[{"x": 160, "y": 190}]},{"id":3,"body":[{"x": 30, "y": 240}]}],"food":[570,0,"#e6bfa6"]} to 0
Sending message {"type":"update","data":[{"id":0,"body":[{"x": 150, "y": 210}]},{"id":1,"body":[{"x": 40, "y": 370}]},{"id":2,"body":[{"x": 160, "y": 190}]},{"id":3,"body":[{"x": 30, "y": 240}]}],"food":[570,0,"#e6bfa6"]} to 1
TestMessage: {"type":"update","data":[{"id":0,"body":[{"x": 150, "y": 210}]},{"id":1,"body":[{"x": 40, "y": 370}]},{"id":2,"body":[{"x": 160, "y": 190}]},{"id":3,"body":[{"x": 30, "y": 240}]}],"food":[570,0,"#e6bfa6"]}
Sending message {"type":"update","data":[{"id":0,"body":[{"x": 150, "y": 210}]},{"id":1,"body":[{"x": 40, "y": 370}]},{"id":2,"body":[{"x": 160, "y": 190}]},{"id":3,"body":[{"x": 30, "y": 240}]}],"food":[570,0,"#e6bfa6"]} to 2
TestMessage: {"type":"update","data":[{"id":0,"body":[{"x": 150, "y": 210}]},{"id":1,"body":[{"x": 40, "y": 370}]},{"id":2,"body":[{"x": 160, "y": 190}]},{"id":3,"body":[{"x": 30, "y": 240}]}],"food":[570,0,"#e6bfa6"]}
Sending message {"type":"update","data":[{"id":0,"body":[{"x": 150, "y": 210}]},{"id":1,"body":[{"x": 40, "y": 370}]},{"id":2,"body":[{"x": 160, "y": 190}]},{"id":3,"body":[{"x": 30, "y": 240}]}],"food":[570,0,"#e6bfa6"]} to 3
TestMessage: {"type":"update","data":[{"id":0,"body":[{"x": 150, "y": 210}]},{"id":1,"body":[{"x": 40, "y": 370}]},{"id":2,"body":[{"x": 160, "y": 190}]},{"id":3,"body":[{"x": 30, "y": 240}]}],"food":[570,0,"#e6bfa6"]}
TestMessage: {"type":"update","data":[{"id":0,"body":[{"x": 150, "y": 210}]},{"id":1,"body":[{"x": 40, "y": 370}]},{"id":2,"body":[{"x": 160, "y": 190}]},{"id":3,"body":[{"x": 30, "y": 240}]}],"food":[570,0,"#e6bfa6"]}
Sending message {"type":"update","data":[{"id":0,"body":[{"x": 150, "y": 210}]},{"id":1,"body":[{"x": 40, "y": 370}]},{"id":2,"body":[{"x": 160, "y": 190}]},{"id":3,"body":[{"x": 30, "y": 240}]}],"food":[570,0,"#e6bfa6"]} to 0
Sending message {"type":"update","data":[{"id":0,"body":[{"x": 150, "y": 210}]},{"id":1,"body":[{"x": 40, "y": 370}]},{"id":2,"body":[{"x": 160, "y": 190}]},{"id":3,"body":[{"x": 30, "y": 240}]}],"food":[570,0,"#e6bfa6"]} to 1
TestMessage: {"type":"update","data":[{"id":0,"body":[{"x": 150, "y": 210}]},{"id":1,"body":[{"x": 40, "y": 370}]},{"id":2,"body":[{"x": 160, "y": 190}]},{"id":3,"body":[{"x": 30, "y": 240}]}],"food":[570,0,"#e6bfa6"]}
Sending message {"type":"update","data":[{"id":0,"body":[{"x": 150, "y": 210}]},{"id":1,"body":[{"x": 40, "y": 370}]},{"id":2,"body":[{"x": 160, "y": 190}]},{"id":3,"body":[{"x": 30, "y": 240}]}],"food":[570,0,"#e6bfa6"]} to 2
TestMessage: {"type":"update","data":[{"id":0,"body":[{"x": 150, "y": 210}]},{"id":1,"body":[{"x": 40, "y": 370}]},{"id":2,"body":[{"x": 160, "y": 190}]},{"id":3,"body":[{"x": 30, "y": 240}]}],"food":[570,0,"#e6bfa6"]}
TestMessage: {"type":"update","data":[{"id":0,"body":[{"x": 150, "y": 210}]},{"id":1,"body":[{"x": 40, "y": 370}]},{"id":2,"body":[{"x": 160, "y": 190}]},{"id":3,"body":[{"x": 30, "y": 240}]}],"food":[570,0,"#e6bfa6"]}
Sending message {"type":"update","data":[{"id":0,"body":[{"x": 150, "y": 210}]},{"id":1,"body":[{"x": 40, "y": 370}]},{"id":2,"body":[{"x": 160, "y": 190}]},{"id":3,"body":[{"x": 30, "y": 240}]}],"food":[570,0,"#e6bfa6"]} to 3
TestMessage: {"type":"update","data":[{"id":0,"body":[{"x": 150, "y": 210}]},{"id":1,"body":[{"x": 40, "y": 370}]},{"id":2,"body":[{"x": 160, "y": 190}]},{"id":3,"body":[{"x": 30, "y": 240}]}],"food":[570,0,"#e6bfa6"]}
4 Se intenta conectar a la sala con msg: {"funcion": "unirGame", "params": ["prueba4"]}
unirGame [Ljava.lang.String;@71cc1133
////////////////////////////////////////Intenta entrar
salirSala [Ljava.lang.String;@6e5c33eb
////////////////////////////////////////Intenta entrar
////////////////////////////////////////Intenta entrar
////////////////////////////////////////Intenta entrar
////////////////////////////////////////Intenta entrar
////////////////////////////////////////Intenta entrar
////////////////////////////////////////Intenta entrar
////////////////////////////////////////Intenta entrar
////////////////////////////////////////Intenta entrar
]]></system-out>
  </testcase>
</testsuite>